{"/Users/chuckycastle/git/meal-together/frontend/src/components/ui/ErrorMessage.tsx": {"path":"/Users/chuckycastle/git/meal-together/frontend/src/components/ui/ErrorMessage.tsx","statementMap":{"0":{"start":{"line":15,"column":57},"end":{"line":62,"column":null}},"1":{"start":{"line":21,"column":26},"end":{"line":27,"column":null}},"2":{"start":{"line":22,"column":4},"end":{"line":22,"column":null}},"3":{"start":{"line":22,"column":17},"end":{"line":22,"column":null}},"4":{"start":{"line":23,"column":4},"end":{"line":23,"column":null}},"5":{"start":{"line":23,"column":35},"end":{"line":23,"column":null}},"6":{"start":{"line":24,"column":4},"end":{"line":24,"column":null}},"7":{"start":{"line":24,"column":35},"end":{"line":24,"column":null}},"8":{"start":{"line":25,"column":4},"end":{"line":25,"column":null}},"9":{"start":{"line":25,"column":37},"end":{"line":25,"column":null}},"10":{"start":{"line":26,"column":4},"end":{"line":26,"column":null}},"11":{"start":{"line":29,"column":2},"end":{"line":60,"column":null}}},"fnMap":{"0":{"name":"(anonymous_0)","decl":{"start":{"line":15,"column":57},"end":{"line":15,"column":58}},"loc":{"start":{"line":20,"column":6},"end":{"line":62,"column":null}},"line":20},"1":{"name":"(anonymous_1)","decl":{"start":{"line":21,"column":26},"end":{"line":21,"column":40}},"loc":{"start":{"line":21,"column":40},"end":{"line":27,"column":null}},"line":21}},"branchMap":{"0":{"loc":{"start":{"line":19,"column":2},"end":{"line":19,"column":null}},"type":"default-arg","locations":[{"start":{"line":19,"column":14},"end":{"line":19,"column":null}}],"line":19},"1":{"loc":{"start":{"line":22,"column":4},"end":{"line":22,"column":null}},"type":"if","locations":[{"start":{"line":22,"column":4},"end":{"line":22,"column":null}},{"start":{},"end":{}}],"line":22},"2":{"loc":{"start":{"line":23,"column":4},"end":{"line":23,"column":null}},"type":"if","locations":[{"start":{"line":23,"column":4},"end":{"line":23,"column":null}},{"start":{},"end":{}}],"line":23},"3":{"loc":{"start":{"line":24,"column":4},"end":{"line":24,"column":null}},"type":"if","locations":[{"start":{"line":24,"column":4},"end":{"line":24,"column":null}},{"start":{},"end":{}}],"line":24},"4":{"loc":{"start":{"line":24,"column":8},"end":{"line":24,"column":35}},"type":"binary-expr","locations":[{"start":{"line":24,"column":8},"end":{"line":24,"column":17}},{"start":{"line":24,"column":17},"end":{"line":24,"column":35}}],"line":24},"5":{"loc":{"start":{"line":25,"column":4},"end":{"line":25,"column":null}},"type":"if","locations":[{"start":{"line":25,"column":4},"end":{"line":25,"column":null}},{"start":{},"end":{}}],"line":25},"6":{"loc":{"start":{"line":25,"column":8},"end":{"line":25,"column":37}},"type":"binary-expr","locations":[{"start":{"line":25,"column":8},"end":{"line":25,"column":17}},{"start":{"line":25,"column":17},"end":{"line":25,"column":37}}],"line":25},"7":{"loc":{"start":{"line":50,"column":11},"end":{"line":56,"column":null}},"type":"binary-expr","locations":[{"start":{"line":50,"column":11},"end":{"line":50,"column":null}},{"start":{"line":51,"column":12},"end":{"line":56,"column":null}}],"line":50}},"s":{"0":1,"1":11,"2":11,"3":2,"4":9,"5":6,"6":3,"7":1,"8":2,"9":1,"10":1,"11":11},"f":{"0":11,"1":11},"b":{"0":[11],"1":[2,9],"2":[6,3],"3":[1,2],"4":[3,2],"5":[1,1],"6":[2,1],"7":[11,2]},"meta":{"lastBranch":8,"lastFunction":2,"lastStatement":12,"seen":{"s:15:57:62:Infinity":0,"f:15:57:15:58":0,"b:19:14:19:Infinity":0,"s:21:26:27:Infinity":1,"f:21:26:21:40":1,"b:22:4:22:Infinity:undefined:undefined:undefined:undefined":1,"s:22:4:22:Infinity":2,"s:22:17:22:Infinity":3,"b:23:4:23:Infinity:undefined:undefined:undefined:undefined":2,"s:23:4:23:Infinity":4,"s:23:35:23:Infinity":5,"b:24:4:24:Infinity:undefined:undefined:undefined:undefined":3,"s:24:4:24:Infinity":6,"b:24:8:24:17:24:17:24:35":4,"s:24:35:24:Infinity":7,"b:25:4:25:Infinity:undefined:undefined:undefined:undefined":5,"s:25:4:25:Infinity":8,"b:25:8:25:17:25:17:25:37":6,"s:25:37:25:Infinity":9,"s:26:4:26:Infinity":10,"s:29:2:60:Infinity":11,"b:50:11:50:Infinity:51:12:56:Infinity":7}}}
,"/Users/chuckycastle/git/meal-together/frontend/src/components/ui/LoadingSpinner.tsx": {"path":"/Users/chuckycastle/git/meal-together/frontend/src/components/ui/LoadingSpinner.tsx","statementMap":{"0":{"start":{"line":11,"column":61},"end":{"line":33,"column":null}},"1":{"start":{"line":15,"column":22},"end":{"line":19,"column":null}},"2":{"start":{"line":21,"column":2},"end":{"line":31,"column":null}}},"fnMap":{"0":{"name":"(anonymous_0)","decl":{"start":{"line":11,"column":61},"end":{"line":11,"column":62}},"loc":{"start":{"line":14,"column":6},"end":{"line":33,"column":null}},"line":14}},"branchMap":{"0":{"loc":{"start":{"line":12,"column":2},"end":{"line":12,"column":null}},"type":"default-arg","locations":[{"start":{"line":12,"column":9},"end":{"line":12,"column":null}}],"line":12},"1":{"loc":{"start":{"line":28,"column":7},"end":{"line":29,"column":null}},"type":"binary-expr","locations":[{"start":{"line":28,"column":7},"end":{"line":28,"column":null}},{"start":{"line":29,"column":8},"end":{"line":29,"column":null}}],"line":28}},"s":{"0":1,"1":6,"2":6},"f":{"0":6},"b":{"0":[6],"1":[6,2]},"meta":{"lastBranch":2,"lastFunction":1,"lastStatement":3,"seen":{"s:11:61:33:Infinity":0,"f:11:61:11:62":0,"b:12:9:12:Infinity":0,"s:15:22:19:Infinity":1,"s:21:2:31:Infinity":2,"b:28:7:28:Infinity:29:8:29:Infinity":1}}}
,"/Users/chuckycastle/git/meal-together/frontend/src/contexts/AuthContext.tsx": {"path":"/Users/chuckycastle/git/meal-together/frontend/src/contexts/AuthContext.tsx","statementMap":{"0":{"start":{"line":22,"column":6},"end":{"line":22,"column":null}},"1":{"start":{"line":28,"column":25},"end":{"line":28,"column":null}},"2":{"start":{"line":29,"column":26},"end":{"line":29,"column":null}},"3":{"start":{"line":31,"column":57},"end":{"line":122,"column":null}},"4":{"start":{"line":32,"column":22},"end":{"line":32,"column":null}},"5":{"start":{"line":33,"column":32},"end":{"line":33,"column":null}},"6":{"start":{"line":34,"column":8},"end":{"line":34,"column":null}},"7":{"start":{"line":37,"column":2},"end":{"line":58,"column":null}},"8":{"start":{"line":38,"column":21},"end":{"line":55,"column":null}},"9":{"start":{"line":39,"column":20},"end":{"line":39,"column":null}},"10":{"start":{"line":40,"column":6},"end":{"line":43,"column":null}},"11":{"start":{"line":41,"column":8},"end":{"line":41,"column":null}},"12":{"start":{"line":42,"column":8},"end":{"line":42,"column":null}},"13":{"start":{"line":45,"column":6},"end":{"line":54,"column":null}},"14":{"start":{"line":46,"column":25},"end":{"line":46,"column":null}},"15":{"start":{"line":47,"column":8},"end":{"line":47,"column":null}},"16":{"start":{"line":49,"column":8},"end":{"line":49,"column":null}},"17":{"start":{"line":50,"column":8},"end":{"line":50,"column":null}},"18":{"start":{"line":51,"column":8},"end":{"line":51,"column":null}},"19":{"start":{"line":53,"column":8},"end":{"line":53,"column":null}},"20":{"start":{"line":57,"column":4},"end":{"line":57,"column":null}},"21":{"start":{"line":60,"column":16},"end":{"line":75,"column":null}},"22":{"start":{"line":61,"column":4},"end":{"line":61,"column":null}},"23":{"start":{"line":62,"column":4},"end":{"line":73,"column":null}},"24":{"start":{"line":63,"column":23},"end":{"line":63,"column":null}},"25":{"start":{"line":64,"column":6},"end":{"line":69,"column":null}},"26":{"start":{"line":65,"column":8},"end":{"line":65,"column":null}},"27":{"start":{"line":66,"column":8},"end":{"line":66,"column":null}},"28":{"start":{"line":67,"column":8},"end":{"line":67,"column":null}},"29":{"start":{"line":68,"column":8},"end":{"line":68,"column":null}},"30":{"start":{"line":71,"column":6},"end":{"line":71,"column":null}},"31":{"start":{"line":72,"column":6},"end":{"line":72,"column":null}},"32":{"start":{"line":74,"column":4},"end":{"line":74,"column":null}},"33":{"start":{"line":77,"column":19},"end":{"line":92,"column":null}},"34":{"start":{"line":78,"column":4},"end":{"line":78,"column":null}},"35":{"start":{"line":79,"column":4},"end":{"line":90,"column":null}},"36":{"start":{"line":80,"column":23},"end":{"line":80,"column":null}},"37":{"start":{"line":81,"column":6},"end":{"line":86,"column":null}},"38":{"start":{"line":82,"column":8},"end":{"line":82,"column":null}},"39":{"start":{"line":83,"column":8},"end":{"line":83,"column":null}},"40":{"start":{"line":84,"column":8},"end":{"line":84,"column":null}},"41":{"start":{"line":85,"column":8},"end":{"line":85,"column":null}},"42":{"start":{"line":88,"column":6},"end":{"line":88,"column":null}},"43":{"start":{"line":89,"column":6},"end":{"line":89,"column":null}},"44":{"start":{"line":91,"column":4},"end":{"line":91,"column":null}},"45":{"start":{"line":94,"column":8},"end":{"line":99,"column":null}},"46":{"start":{"line":95,"column":4},"end":{"line":95,"column":null}},"47":{"start":{"line":96,"column":4},"end":{"line":96,"column":null}},"48":{"start":{"line":97,"column":4},"end":{"line":97,"column":null}},"49":{"start":{"line":98,"column":4},"end":{"line":98,"column":null}},"50":{"start":{"line":101,"column":22},"end":{"line":109,"column":null}},"51":{"start":{"line":102,"column":4},"end":{"line":108,"column":null}},"52":{"start":{"line":103,"column":23},"end":{"line":103,"column":null}},"53":{"start":{"line":104,"column":6},"end":{"line":104,"column":null}},"54":{"start":{"line":106,"column":6},"end":{"line":106,"column":null}},"55":{"start":{"line":107,"column":6},"end":{"line":107,"column":null}},"56":{"start":{"line":111,"column":34},"end":{"line":119,"column":null}},"57":{"start":{"line":121,"column":2},"end":{"line":121,"column":null}},"58":{"start":{"line":124,"column":23},"end":{"line":130,"column":null}},"59":{"start":{"line":125,"column":8},"end":{"line":125,"column":null}},"60":{"start":{"line":126,"column":2},"end":{"line":128,"column":null}},"61":{"start":{"line":127,"column":4},"end":{"line":127,"column":null}},"62":{"start":{"line":129,"column":2},"end":{"line":129,"column":null}},"63":{"start":{"line":133,"column":30},"end":{"line":135,"column":null}},"64":{"start":{"line":134,"column":2},"end":{"line":134,"column":null}},"65":{"start":{"line":137,"column":31},"end":{"line":139,"column":null}},"66":{"start":{"line":138,"column":2},"end":{"line":138,"column":null}},"67":{"start":{"line":141,"column":30},"end":{"line":143,"column":null}},"68":{"start":{"line":142,"column":2},"end":{"line":142,"column":null}}},"fnMap":{"0":{"name":"(anonymous_0)","decl":{"start":{"line":31,"column":57},"end":{"line":31,"column":58}},"loc":{"start":{"line":31,"column":75},"end":{"line":122,"column":null}},"line":31},"1":{"name":"(anonymous_1)","decl":{"start":{"line":37,"column":12},"end":{"line":37,"column":18}},"loc":{"start":{"line":37,"column":18},"end":{"line":58,"column":5}},"line":37},"2":{"name":"(anonymous_2)","decl":{"start":{"line":38,"column":21},"end":{"line":38,"column":33}},"loc":{"start":{"line":38,"column":33},"end":{"line":55,"column":null}},"line":38},"3":{"name":"(anonymous_3)","decl":{"start":{"line":60,"column":16},"end":{"line":60,"column":23}},"loc":{"start":{"line":60,"column":68},"end":{"line":75,"column":null}},"line":60},"4":{"name":"(anonymous_4)","decl":{"start":{"line":77,"column":19},"end":{"line":77,"column":26}},"loc":{"start":{"line":77,"column":71},"end":{"line":92,"column":null}},"line":77},"5":{"name":"(anonymous_5)","decl":{"start":{"line":94,"column":29},"end":{"line":94,"column":35}},"loc":{"start":{"line":94,"column":35},"end":{"line":99,"column":5}},"line":94},"6":{"name":"(anonymous_6)","decl":{"start":{"line":101,"column":22},"end":{"line":101,"column":49}},"loc":{"start":{"line":101,"column":49},"end":{"line":109,"column":null}},"line":101},"7":{"name":"(anonymous_7)","decl":{"start":{"line":124,"column":23},"end":{"line":124,"column":47}},"loc":{"start":{"line":124,"column":47},"end":{"line":130,"column":null}},"line":124},"8":{"name":"(anonymous_8)","decl":{"start":{"line":133,"column":30},"end":{"line":133,"column":51}},"loc":{"start":{"line":133,"column":51},"end":{"line":135,"column":null}},"line":133},"9":{"name":"(anonymous_9)","decl":{"start":{"line":137,"column":31},"end":{"line":137,"column":52}},"loc":{"start":{"line":137,"column":52},"end":{"line":139,"column":null}},"line":137},"10":{"name":"(anonymous_10)","decl":{"start":{"line":141,"column":30},"end":{"line":141,"column":31}},"loc":{"start":{"line":141,"column":55},"end":{"line":143,"column":null}},"line":141}},"branchMap":{"0":{"loc":{"start":{"line":40,"column":6},"end":{"line":43,"column":null}},"type":"if","locations":[{"start":{"line":40,"column":6},"end":{"line":43,"column":null}},{"start":{},"end":{}}],"line":40},"1":{"loc":{"start":{"line":64,"column":6},"end":{"line":69,"column":null}},"type":"if","locations":[{"start":{"line":64,"column":6},"end":{"line":69,"column":null}},{"start":{},"end":{}}],"line":64},"2":{"loc":{"start":{"line":64,"column":10},"end":{"line":64,"column":160}},"type":"binary-expr","locations":[{"start":{"line":64,"column":10},"end":{"line":64,"column":40}},{"start":{"line":64,"column":40},"end":{"line":64,"column":71}},{"start":{"line":64,"column":71},"end":{"line":64,"column":116}},{"start":{"line":64,"column":116},"end":{"line":64,"column":160}}],"line":64},"3":{"loc":{"start":{"line":81,"column":6},"end":{"line":86,"column":null}},"type":"if","locations":[{"start":{"line":81,"column":6},"end":{"line":86,"column":null}},{"start":{},"end":{}}],"line":81},"4":{"loc":{"start":{"line":81,"column":10},"end":{"line":81,"column":160}},"type":"binary-expr","locations":[{"start":{"line":81,"column":10},"end":{"line":81,"column":40}},{"start":{"line":81,"column":40},"end":{"line":81,"column":71}},{"start":{"line":81,"column":71},"end":{"line":81,"column":116}},{"start":{"line":81,"column":116},"end":{"line":81,"column":160}}],"line":81},"5":{"loc":{"start":{"line":126,"column":2},"end":{"line":128,"column":null}},"type":"if","locations":[{"start":{"line":126,"column":2},"end":{"line":128,"column":null}},{"start":{},"end":{}}],"line":126}},"s":{"0":2,"1":2,"2":2,"3":2,"4":0,"5":0,"6":0,"7":0,"8":0,"9":0,"10":0,"11":0,"12":0,"13":0,"14":0,"15":0,"16":0,"17":0,"18":0,"19":0,"20":0,"21":0,"22":0,"23":0,"24":0,"25":0,"26":0,"27":0,"28":0,"29":0,"30":0,"31":0,"32":0,"33":0,"34":0,"35":0,"36":0,"37":0,"38":0,"39":0,"40":0,"41":0,"42":0,"43":0,"44":0,"45":0,"46":0,"47":0,"48":0,"49":0,"50":0,"51":0,"52":0,"53":0,"54":0,"55":0,"56":0,"57":0,"58":2,"59":0,"60":0,"61":0,"62":0,"63":2,"64":0,"65":2,"66":0,"67":2,"68":0},"f":{"0":0,"1":0,"2":0,"3":0,"4":0,"5":0,"6":0,"7":0,"8":0,"9":0,"10":0},"b":{"0":[0,0],"1":[0,0],"2":[0,0,0,0],"3":[0,0],"4":[0,0,0,0],"5":[0,0]},"meta":{"lastBranch":6,"lastFunction":11,"lastStatement":69,"seen":{"s:22:6:22:Infinity":0,"s:28:25:28:Infinity":1,"s:29:26:29:Infinity":2,"s:31:57:122:Infinity":3,"f:31:57:31:58":0,"s:32:22:32:Infinity":4,"s:33:32:33:Infinity":5,"s:34:8:34:Infinity":6,"s:37:2:58:Infinity":7,"f:37:12:37:18":1,"s:38:21:55:Infinity":8,"f:38:21:38:33":2,"s:39:20:39:Infinity":9,"b:40:6:43:Infinity:undefined:undefined:undefined:undefined":0,"s:40:6:43:Infinity":10,"s:41:8:41:Infinity":11,"s:42:8:42:Infinity":12,"s:45:6:54:Infinity":13,"s:46:25:46:Infinity":14,"s:47:8:47:Infinity":15,"s:49:8:49:Infinity":16,"s:50:8:50:Infinity":17,"s:51:8:51:Infinity":18,"s:53:8:53:Infinity":19,"s:57:4:57:Infinity":20,"s:60:16:75:Infinity":21,"f:60:16:60:23":3,"s:61:4:61:Infinity":22,"s:62:4:73:Infinity":23,"s:63:23:63:Infinity":24,"b:64:6:69:Infinity:undefined:undefined:undefined:undefined":1,"s:64:6:69:Infinity":25,"b:64:10:64:40:64:40:64:71:64:71:64:116:64:116:64:160":2,"s:65:8:65:Infinity":26,"s:66:8:66:Infinity":27,"s:67:8:67:Infinity":28,"s:68:8:68:Infinity":29,"s:71:6:71:Infinity":30,"s:72:6:72:Infinity":31,"s:74:4:74:Infinity":32,"s:77:19:92:Infinity":33,"f:77:19:77:26":4,"s:78:4:78:Infinity":34,"s:79:4:90:Infinity":35,"s:80:23:80:Infinity":36,"b:81:6:86:Infinity:undefined:undefined:undefined:undefined":3,"s:81:6:86:Infinity":37,"b:81:10:81:40:81:40:81:71:81:71:81:116:81:116:81:160":4,"s:82:8:82:Infinity":38,"s:83:8:83:Infinity":39,"s:84:8:84:Infinity":40,"s:85:8:85:Infinity":41,"s:88:6:88:Infinity":42,"s:89:6:89:Infinity":43,"s:91:4:91:Infinity":44,"s:94:8:99:Infinity":45,"f:94:29:94:35":5,"s:95:4:95:Infinity":46,"s:96:4:96:Infinity":47,"s:97:4:97:Infinity":48,"s:98:4:98:Infinity":49,"s:101:22:109:Infinity":50,"f:101:22:101:49":6,"s:102:4:108:Infinity":51,"s:103:23:103:Infinity":52,"s:104:6:104:Infinity":53,"s:106:6:106:Infinity":54,"s:107:6:107:Infinity":55,"s:111:34:119:Infinity":56,"s:121:2:121:Infinity":57,"s:124:23:130:Infinity":58,"f:124:23:124:47":7,"s:125:8:125:Infinity":59,"b:126:2:128:Infinity:undefined:undefined:undefined:undefined":5,"s:126:2:128:Infinity":60,"s:127:4:127:Infinity":61,"s:129:2:129:Infinity":62,"s:133:30:135:Infinity":63,"f:133:30:133:51":8,"s:134:2:134:Infinity":64,"s:137:31:139:Infinity":65,"f:137:31:137:52":9,"s:138:2:138:Infinity":66,"s:141:30:143:Infinity":67,"f:141:30:141:31":10,"s:142:2:142:Infinity":68}}}
,"/Users/chuckycastle/git/meal-together/frontend/src/contexts/FamilyContext.tsx": {"path":"/Users/chuckycastle/git/meal-together/frontend/src/contexts/FamilyContext.tsx","statementMap":{"0":{"start":{"line":20,"column":6},"end":{"line":20,"column":null}},"1":{"start":{"line":26,"column":26},"end":{"line":26,"column":null}},"2":{"start":{"line":28,"column":61},"end":{"line":82,"column":null}},"3":{"start":{"line":29,"column":26},"end":{"line":29,"column":null}},"4":{"start":{"line":30,"column":48},"end":{"line":30,"column":null}},"5":{"start":{"line":31,"column":43},"end":{"line":31,"column":null}},"6":{"start":{"line":34,"column":2},"end":{"line":54,"column":null}},"7":{"start":{"line":35,"column":4},"end":{"line":37,"column":null}},"8":{"start":{"line":36,"column":6},"end":{"line":36,"column":null}},"9":{"start":{"line":39,"column":27},"end":{"line":39,"column":null}},"10":{"start":{"line":41,"column":4},"end":{"line":47,"column":null}},"11":{"start":{"line":42,"column":21},"end":{"line":42,"column":null}},"12":{"start":{"line":42,"column":40},"end":{"line":42,"column":73}},"13":{"start":{"line":43,"column":6},"end":{"line":46,"column":null}},"14":{"start":{"line":44,"column":8},"end":{"line":44,"column":null}},"15":{"start":{"line":45,"column":8},"end":{"line":45,"column":null}},"16":{"start":{"line":50,"column":4},"end":{"line":53,"column":null}},"17":{"start":{"line":51,"column":6},"end":{"line":51,"column":null}},"18":{"start":{"line":52,"column":6},"end":{"line":52,"column":null}},"19":{"start":{"line":57,"column":2},"end":{"line":62,"column":null}},"20":{"start":{"line":58,"column":4},"end":{"line":61,"column":null}},"21":{"start":{"line":59,"column":6},"end":{"line":59,"column":null}},"22":{"start":{"line":60,"column":6},"end":{"line":60,"column":null}},"23":{"start":{"line":64,"column":26},"end":{"line":71,"column":null}},"24":{"start":{"line":65,"column":4},"end":{"line":65,"column":null}},"25":{"start":{"line":66,"column":4},"end":{"line":70,"column":null}},"26":{"start":{"line":67,"column":6},"end":{"line":67,"column":null}},"27":{"start":{"line":69,"column":6},"end":{"line":69,"column":null}},"28":{"start":{"line":73,"column":36},"end":{"line":79,"column":null}},"29":{"start":{"line":81,"column":2},"end":{"line":81,"column":null}},"30":{"start":{"line":84,"column":25},"end":{"line":90,"column":null}},"31":{"start":{"line":85,"column":8},"end":{"line":85,"column":null}},"32":{"start":{"line":86,"column":2},"end":{"line":88,"column":null}},"33":{"start":{"line":87,"column":4},"end":{"line":87,"column":null}},"34":{"start":{"line":89,"column":2},"end":{"line":89,"column":null}}},"fnMap":{"0":{"name":"(anonymous_0)","decl":{"start":{"line":28,"column":61},"end":{"line":28,"column":62}},"loc":{"start":{"line":28,"column":79},"end":{"line":82,"column":null}},"line":28},"1":{"name":"(anonymous_1)","decl":{"start":{"line":34,"column":12},"end":{"line":34,"column":18}},"loc":{"start":{"line":34,"column":18},"end":{"line":54,"column":5}},"line":34},"2":{"name":"(anonymous_2)","decl":{"start":{"line":42,"column":35},"end":{"line":42,"column":40}},"loc":{"start":{"line":42,"column":40},"end":{"line":42,"column":73}},"line":42},"3":{"name":"(anonymous_3)","decl":{"start":{"line":57,"column":12},"end":{"line":57,"column":18}},"loc":{"start":{"line":57,"column":18},"end":{"line":62,"column":5}},"line":57},"4":{"name":"(anonymous_4)","decl":{"start":{"line":64,"column":26},"end":{"line":64,"column":27}},"loc":{"start":{"line":64,"column":53},"end":{"line":71,"column":null}},"line":64},"5":{"name":"(anonymous_5)","decl":{"start":{"line":84,"column":25},"end":{"line":84,"column":51}},"loc":{"start":{"line":84,"column":51},"end":{"line":90,"column":null}},"line":84}},"branchMap":{"0":{"loc":{"start":{"line":30,"column":16},"end":{"line":30,"column":31}},"type":"default-arg","locations":[{"start":{"line":30,"column":27},"end":{"line":30,"column":31}}],"line":30},"1":{"loc":{"start":{"line":35,"column":4},"end":{"line":37,"column":null}},"type":"if","locations":[{"start":{"line":35,"column":4},"end":{"line":37,"column":null}},{"start":{},"end":{}}],"line":35},"2":{"loc":{"start":{"line":35,"column":8},"end":{"line":35,"column":51}},"type":"binary-expr","locations":[{"start":{"line":35,"column":8},"end":{"line":35,"column":28}},{"start":{"line":35,"column":28},"end":{"line":35,"column":51}}],"line":35},"3":{"loc":{"start":{"line":41,"column":4},"end":{"line":47,"column":null}},"type":"if","locations":[{"start":{"line":41,"column":4},"end":{"line":47,"column":null}},{"start":{},"end":{}}],"line":41},"4":{"loc":{"start":{"line":43,"column":6},"end":{"line":46,"column":null}},"type":"if","locations":[{"start":{"line":43,"column":6},"end":{"line":46,"column":null}},{"start":{},"end":{}}],"line":43},"5":{"loc":{"start":{"line":50,"column":4},"end":{"line":53,"column":null}},"type":"if","locations":[{"start":{"line":50,"column":4},"end":{"line":53,"column":null}},{"start":{},"end":{}}],"line":50},"6":{"loc":{"start":{"line":50,"column":8},"end":{"line":50,"column":46}},"type":"binary-expr","locations":[{"start":{"line":50,"column":8},"end":{"line":50,"column":31}},{"start":{"line":50,"column":31},"end":{"line":50,"column":46}}],"line":50},"7":{"loc":{"start":{"line":58,"column":4},"end":{"line":61,"column":null}},"type":"if","locations":[{"start":{"line":58,"column":4},"end":{"line":61,"column":null}},{"start":{},"end":{}}],"line":58},"8":{"loc":{"start":{"line":66,"column":4},"end":{"line":70,"column":null}},"type":"if","locations":[{"start":{"line":66,"column":4},"end":{"line":70,"column":null}},{"start":{"line":68,"column":11},"end":{"line":70,"column":null}}],"line":66},"9":{"loc":{"start":{"line":86,"column":2},"end":{"line":88,"column":null}},"type":"if","locations":[{"start":{"line":86,"column":2},"end":{"line":88,"column":null}},{"start":{},"end":{}}],"line":86}},"s":{"0":2,"1":2,"2":2,"3":0,"4":0,"5":0,"6":0,"7":0,"8":0,"9":0,"10":0,"11":0,"12":0,"13":0,"14":0,"15":0,"16":0,"17":0,"18":0,"19":0,"20":0,"21":0,"22":0,"23":0,"24":0,"25":0,"26":0,"27":0,"28":0,"29":0,"30":2,"31":0,"32":0,"33":0,"34":0},"f":{"0":0,"1":0,"2":0,"3":0,"4":0,"5":0},"b":{"0":[0],"1":[0,0],"2":[0,0],"3":[0,0],"4":[0,0],"5":[0,0],"6":[0,0],"7":[0,0],"8":[0,0],"9":[0,0]},"meta":{"lastBranch":10,"lastFunction":6,"lastStatement":35,"seen":{"s:20:6:20:Infinity":0,"s:26:26:26:Infinity":1,"s:28:61:82:Infinity":2,"f:28:61:28:62":0,"s:29:26:29:Infinity":3,"s:30:48:30:Infinity":4,"b:30:27:30:31":0,"s:31:43:31:Infinity":5,"s:34:2:54:Infinity":6,"f:34:12:34:18":1,"b:35:4:37:Infinity:undefined:undefined:undefined:undefined":1,"s:35:4:37:Infinity":7,"b:35:8:35:28:35:28:35:51":2,"s:36:6:36:Infinity":8,"s:39:27:39:Infinity":9,"b:41:4:47:Infinity:undefined:undefined:undefined:undefined":3,"s:41:4:47:Infinity":10,"s:42:21:42:Infinity":11,"f:42:35:42:40":2,"s:42:40:42:73":12,"b:43:6:46:Infinity:undefined:undefined:undefined:undefined":4,"s:43:6:46:Infinity":13,"s:44:8:44:Infinity":14,"s:45:8:45:Infinity":15,"b:50:4:53:Infinity:undefined:undefined:undefined:undefined":5,"s:50:4:53:Infinity":16,"b:50:8:50:31:50:31:50:46":6,"s:51:6:51:Infinity":17,"s:52:6:52:Infinity":18,"s:57:2:62:Infinity":19,"f:57:12:57:18":3,"b:58:4:61:Infinity:undefined:undefined:undefined:undefined":7,"s:58:4:61:Infinity":20,"s:59:6:59:Infinity":21,"s:60:6:60:Infinity":22,"s:64:26:71:Infinity":23,"f:64:26:64:27":4,"s:65:4:65:Infinity":24,"b:66:4:70:Infinity:68:11:70:Infinity":8,"s:66:4:70:Infinity":25,"s:67:6:67:Infinity":26,"s:69:6:69:Infinity":27,"s:73:36:79:Infinity":28,"s:81:2:81:Infinity":29,"s:84:25:90:Infinity":30,"f:84:25:84:51":5,"s:85:8:85:Infinity":31,"b:86:2:88:Infinity:undefined:undefined:undefined:undefined":9,"s:86:2:88:Infinity":32,"s:87:4:87:Infinity":33,"s:89:2:89:Infinity":34}}}
,"/Users/chuckycastle/git/meal-together/frontend/src/contexts/WebSocketContext.tsx": {"path":"/Users/chuckycastle/git/meal-together/frontend/src/contexts/WebSocketContext.tsx","statementMap":{"0":{"start":{"line":24,"column":6},"end":{"line":24,"column":null}},"1":{"start":{"line":30,"column":67},"end":{"line":65,"column":null}},"2":{"start":{"line":31,"column":36},"end":{"line":31,"column":null}},"3":{"start":{"line":33,"column":2},"end":{"line":48,"column":null}},"4":{"start":{"line":35,"column":30},"end":{"line":37,"column":null}},"5":{"start":{"line":36,"column":6},"end":{"line":36,"column":null}},"6":{"start":{"line":40,"column":4},"end":{"line":42,"column":null}},"7":{"start":{"line":41,"column":6},"end":{"line":41,"column":null}},"8":{"start":{"line":45,"column":4},"end":{"line":47,"column":null}},"9":{"start":{"line":46,"column":6},"end":{"line":46,"column":null}},"10":{"start":{"line":50,"column":39},"end":{"line":62,"column":null}},"11":{"start":{"line":52,"column":19},"end":{"line":52,"column":null}},"12":{"start":{"line":53,"column":22},"end":{"line":53,"column":null}},"13":{"start":{"line":54,"column":37},"end":{"line":54,"column":null}},"14":{"start":{"line":55,"column":38},"end":{"line":55,"column":null}},"15":{"start":{"line":56,"column":39},"end":{"line":56,"column":null}},"16":{"start":{"line":57,"column":71},"end":{"line":57,"column":null}},"17":{"start":{"line":58,"column":72},"end":{"line":58,"column":null}},"18":{"start":{"line":60,"column":6},"end":{"line":60,"column":null}},"19":{"start":{"line":61,"column":39},"end":{"line":61,"column":null}},"20":{"start":{"line":64,"column":2},"end":{"line":64,"column":null}},"21":{"start":{"line":67,"column":28},"end":{"line":73,"column":null}},"22":{"start":{"line":68,"column":8},"end":{"line":68,"column":null}},"23":{"start":{"line":69,"column":2},"end":{"line":71,"column":null}},"24":{"start":{"line":70,"column":4},"end":{"line":70,"column":null}},"25":{"start":{"line":72,"column":2},"end":{"line":72,"column":null}}},"fnMap":{"0":{"name":"(anonymous_0)","decl":{"start":{"line":30,"column":67},"end":{"line":30,"column":68}},"loc":{"start":{"line":30,"column":85},"end":{"line":65,"column":null}},"line":30},"1":{"name":"(anonymous_1)","decl":{"start":{"line":33,"column":12},"end":{"line":33,"column":18}},"loc":{"start":{"line":33,"column":18},"end":{"line":48,"column":5}},"line":33},"2":{"name":"(anonymous_2)","decl":{"start":{"line":35,"column":71},"end":{"line":35,"column":72}},"loc":{"start":{"line":35,"column":105},"end":{"line":37,"column":5}},"line":35},"3":{"name":"(anonymous_3)","decl":{"start":{"line":45,"column":11},"end":{"line":45,"column":17}},"loc":{"start":{"line":45,"column":17},"end":{"line":47,"column":null}},"line":45},"4":{"name":"(anonymous_4)","decl":{"start":{"line":52,"column":13},"end":{"line":52,"column":19}},"loc":{"start":{"line":52,"column":19},"end":{"line":52,"column":null}},"line":52},"5":{"name":"(anonymous_5)","decl":{"start":{"line":53,"column":16},"end":{"line":53,"column":22}},"loc":{"start":{"line":53,"column":22},"end":{"line":53,"column":null}},"line":53},"6":{"name":"(anonymous_6)","decl":{"start":{"line":54,"column":18},"end":{"line":54,"column":19}},"loc":{"start":{"line":54,"column":37},"end":{"line":54,"column":null}},"line":54},"7":{"name":"(anonymous_7)","decl":{"start":{"line":55,"column":16},"end":{"line":55,"column":17}},"loc":{"start":{"line":55,"column":38},"end":{"line":55,"column":null}},"line":55},"8":{"name":"(anonymous_8)","decl":{"start":{"line":56,"column":17},"end":{"line":56,"column":18}},"loc":{"start":{"line":56,"column":39},"end":{"line":56,"column":null}},"line":56},"9":{"name":"(anonymous_9)","decl":{"start":{"line":57,"column":8},"end":{"line":57,"column":18}},"loc":{"start":{"line":57,"column":71},"end":{"line":57,"column":null}},"line":57},"10":{"name":"(anonymous_10)","decl":{"start":{"line":58,"column":9},"end":{"line":58,"column":19}},"loc":{"start":{"line":58,"column":72},"end":{"line":58,"column":null}},"line":58},"11":{"name":"(anonymous_11)","decl":{"start":{"line":59,"column":16},"end":{"line":59,"column":17}},"loc":{"start":{"line":60,"column":6},"end":{"line":60,"column":null}},"line":60},"12":{"name":"(anonymous_12)","decl":{"start":{"line":61,"column":17},"end":{"line":61,"column":18}},"loc":{"start":{"line":61,"column":39},"end":{"line":61,"column":null}},"line":61},"13":{"name":"(anonymous_13)","decl":{"start":{"line":67,"column":28},"end":{"line":67,"column":57}},"loc":{"start":{"line":67,"column":57},"end":{"line":73,"column":null}},"line":67}},"branchMap":{"0":{"loc":{"start":{"line":40,"column":4},"end":{"line":42,"column":null}},"type":"if","locations":[{"start":{"line":40,"column":4},"end":{"line":42,"column":null}},{"start":{},"end":{}}],"line":40},"1":{"loc":{"start":{"line":69,"column":2},"end":{"line":71,"column":null}},"type":"if","locations":[{"start":{"line":69,"column":2},"end":{"line":71,"column":null}},{"start":{},"end":{}}],"line":69}},"s":{"0":2,"1":2,"2":0,"3":0,"4":0,"5":0,"6":0,"7":0,"8":0,"9":0,"10":0,"11":0,"12":0,"13":0,"14":0,"15":0,"16":0,"17":0,"18":0,"19":0,"20":0,"21":2,"22":0,"23":0,"24":0,"25":0},"f":{"0":0,"1":0,"2":0,"3":0,"4":0,"5":0,"6":0,"7":0,"8":0,"9":0,"10":0,"11":0,"12":0,"13":0},"b":{"0":[0,0],"1":[0,0]},"meta":{"lastBranch":2,"lastFunction":14,"lastStatement":26,"seen":{"s:24:6:24:Infinity":0,"s:30:67:65:Infinity":1,"f:30:67:30:68":0,"s:31:36:31:Infinity":2,"s:33:2:48:Infinity":3,"f:33:12:33:18":1,"s:35:30:37:Infinity":4,"f:35:71:35:72":2,"s:36:6:36:Infinity":5,"b:40:4:42:Infinity:undefined:undefined:undefined:undefined":0,"s:40:4:42:Infinity":6,"s:41:6:41:Infinity":7,"s:45:4:47:Infinity":8,"f:45:11:45:17":3,"s:46:6:46:Infinity":9,"s:50:39:62:Infinity":10,"f:52:13:52:19":4,"s:52:19:52:Infinity":11,"f:53:16:53:22":5,"s:53:22:53:Infinity":12,"f:54:18:54:19":6,"s:54:37:54:Infinity":13,"f:55:16:55:17":7,"s:55:38:55:Infinity":14,"f:56:17:56:18":8,"s:56:39:56:Infinity":15,"f:57:8:57:18":9,"s:57:71:57:Infinity":16,"f:58:9:58:19":10,"s:58:72:58:Infinity":17,"f:59:16:59:17":11,"s:60:6:60:Infinity":18,"f:61:17:61:18":12,"s:61:39:61:Infinity":19,"s:64:2:64:Infinity":20,"s:67:28:73:Infinity":21,"f:67:28:67:57":13,"s:68:8:68:Infinity":22,"b:69:2:71:Infinity:undefined:undefined:undefined:undefined":1,"s:69:2:71:Infinity":23,"s:70:4:70:Infinity":24,"s:72:2:72:Infinity":25}}}
,"/Users/chuckycastle/git/meal-together/frontend/src/hooks/useFamilies.ts": {"path":"/Users/chuckycastle/git/meal-together/frontend/src/hooks/useFamilies.ts","statementMap":{"0":{"start":{"line":9,"column":27},"end":{"line":14,"column":null}},"1":{"start":{"line":10,"column":2},"end":{"line":13,"column":null}},"2":{"start":{"line":12,"column":19},"end":{"line":12,"column":null}},"3":{"start":{"line":16,"column":25},"end":{"line":22,"column":null}},"4":{"start":{"line":17,"column":2},"end":{"line":21,"column":null}},"5":{"start":{"line":19,"column":19},"end":{"line":19,"column":null}},"6":{"start":{"line":24,"column":31},"end":{"line":33,"column":null}},"7":{"start":{"line":25,"column":8},"end":{"line":25,"column":null}},"8":{"start":{"line":27,"column":2},"end":{"line":32,"column":null}},"9":{"start":{"line":28,"column":47},"end":{"line":28,"column":null}},"10":{"start":{"line":30,"column":6},"end":{"line":30,"column":null}},"11":{"start":{"line":35,"column":31},"end":{"line":45,"column":null}},"12":{"start":{"line":36,"column":8},"end":{"line":36,"column":null}},"13":{"start":{"line":38,"column":2},"end":{"line":44,"column":null}},"14":{"start":{"line":39,"column":56},"end":{"line":39,"column":null}},"15":{"start":{"line":41,"column":6},"end":{"line":41,"column":null}},"16":{"start":{"line":42,"column":6},"end":{"line":42,"column":null}},"17":{"start":{"line":47,"column":31},"end":{"line":56,"column":null}},"18":{"start":{"line":48,"column":8},"end":{"line":48,"column":null}},"19":{"start":{"line":50,"column":2},"end":{"line":55,"column":null}},"20":{"start":{"line":51,"column":38},"end":{"line":51,"column":null}},"21":{"start":{"line":53,"column":6},"end":{"line":53,"column":null}},"22":{"start":{"line":58,"column":28},"end":{"line":67,"column":null}},"23":{"start":{"line":59,"column":8},"end":{"line":59,"column":null}},"24":{"start":{"line":61,"column":2},"end":{"line":66,"column":null}},"25":{"start":{"line":62,"column":44},"end":{"line":62,"column":null}},"26":{"start":{"line":64,"column":6},"end":{"line":64,"column":null}},"27":{"start":{"line":69,"column":31},"end":{"line":78,"column":null}},"28":{"start":{"line":70,"column":8},"end":{"line":70,"column":null}},"29":{"start":{"line":72,"column":2},"end":{"line":77,"column":null}},"30":{"start":{"line":73,"column":38},"end":{"line":73,"column":null}},"31":{"start":{"line":75,"column":6},"end":{"line":75,"column":null}},"32":{"start":{"line":80,"column":30},"end":{"line":89,"column":null}},"33":{"start":{"line":81,"column":8},"end":{"line":81,"column":null}},"34":{"start":{"line":83,"column":2},"end":{"line":88,"column":null}},"35":{"start":{"line":84,"column":38},"end":{"line":84,"column":null}},"36":{"start":{"line":86,"column":6},"end":{"line":86,"column":null}}},"fnMap":{"0":{"name":"(anonymous_0)","decl":{"start":{"line":9,"column":27},"end":{"line":9,"column":33}},"loc":{"start":{"line":9,"column":33},"end":{"line":14,"column":null}},"line":9},"1":{"name":"(anonymous_1)","decl":{"start":{"line":12,"column":13},"end":{"line":12,"column":19}},"loc":{"start":{"line":12,"column":19},"end":{"line":12,"column":null}},"line":12},"2":{"name":"(anonymous_2)","decl":{"start":{"line":16,"column":25},"end":{"line":16,"column":26}},"loc":{"start":{"line":16,"column":59},"end":{"line":22,"column":null}},"line":16},"3":{"name":"(anonymous_3)","decl":{"start":{"line":19,"column":13},"end":{"line":19,"column":19}},"loc":{"start":{"line":19,"column":19},"end":{"line":19,"column":null}},"line":19},"4":{"name":"(anonymous_4)","decl":{"start":{"line":24,"column":31},"end":{"line":24,"column":37}},"loc":{"start":{"line":24,"column":37},"end":{"line":33,"column":null}},"line":24},"5":{"name":"(anonymous_5)","decl":{"start":{"line":28,"column":16},"end":{"line":28,"column":17}},"loc":{"start":{"line":28,"column":47},"end":{"line":28,"column":null}},"line":28},"6":{"name":"(anonymous_6)","decl":{"start":{"line":29,"column":15},"end":{"line":29,"column":21}},"loc":{"start":{"line":29,"column":21},"end":{"line":31,"column":null}},"line":29},"7":{"name":"(anonymous_7)","decl":{"start":{"line":35,"column":31},"end":{"line":35,"column":32}},"loc":{"start":{"line":35,"column":53},"end":{"line":45,"column":null}},"line":35},"8":{"name":"(anonymous_8)","decl":{"start":{"line":39,"column":16},"end":{"line":39,"column":17}},"loc":{"start":{"line":39,"column":56},"end":{"line":39,"column":null}},"line":39},"9":{"name":"(anonymous_9)","decl":{"start":{"line":40,"column":15},"end":{"line":40,"column":21}},"loc":{"start":{"line":40,"column":21},"end":{"line":43,"column":null}},"line":40},"10":{"name":"(anonymous_10)","decl":{"start":{"line":47,"column":31},"end":{"line":47,"column":37}},"loc":{"start":{"line":47,"column":37},"end":{"line":56,"column":null}},"line":47},"11":{"name":"(anonymous_11)","decl":{"start":{"line":51,"column":16},"end":{"line":51,"column":17}},"loc":{"start":{"line":51,"column":38},"end":{"line":51,"column":null}},"line":51},"12":{"name":"(anonymous_12)","decl":{"start":{"line":52,"column":15},"end":{"line":52,"column":21}},"loc":{"start":{"line":52,"column":21},"end":{"line":54,"column":null}},"line":52},"13":{"name":"(anonymous_13)","decl":{"start":{"line":58,"column":28},"end":{"line":58,"column":29}},"loc":{"start":{"line":58,"column":50},"end":{"line":67,"column":null}},"line":58},"14":{"name":"(anonymous_14)","decl":{"start":{"line":62,"column":16},"end":{"line":62,"column":17}},"loc":{"start":{"line":62,"column":44},"end":{"line":62,"column":null}},"line":62},"15":{"name":"(anonymous_15)","decl":{"start":{"line":63,"column":15},"end":{"line":63,"column":21}},"loc":{"start":{"line":63,"column":21},"end":{"line":65,"column":null}},"line":63},"16":{"name":"(anonymous_16)","decl":{"start":{"line":69,"column":31},"end":{"line":69,"column":32}},"loc":{"start":{"line":69,"column":53},"end":{"line":78,"column":null}},"line":69},"17":{"name":"(anonymous_17)","decl":{"start":{"line":73,"column":16},"end":{"line":73,"column":17}},"loc":{"start":{"line":73,"column":38},"end":{"line":73,"column":null}},"line":73},"18":{"name":"(anonymous_18)","decl":{"start":{"line":74,"column":15},"end":{"line":74,"column":21}},"loc":{"start":{"line":74,"column":21},"end":{"line":76,"column":null}},"line":74},"19":{"name":"(anonymous_19)","decl":{"start":{"line":80,"column":30},"end":{"line":80,"column":36}},"loc":{"start":{"line":80,"column":36},"end":{"line":89,"column":null}},"line":80},"20":{"name":"(anonymous_20)","decl":{"start":{"line":84,"column":16},"end":{"line":84,"column":17}},"loc":{"start":{"line":84,"column":38},"end":{"line":84,"column":null}},"line":84},"21":{"name":"(anonymous_21)","decl":{"start":{"line":85,"column":15},"end":{"line":85,"column":21}},"loc":{"start":{"line":85,"column":21},"end":{"line":87,"column":null}},"line":85}},"branchMap":{},"s":{"0":2,"1":0,"2":0,"3":2,"4":0,"5":0,"6":2,"7":0,"8":0,"9":0,"10":0,"11":2,"12":0,"13":0,"14":0,"15":0,"16":0,"17":2,"18":0,"19":0,"20":0,"21":0,"22":2,"23":0,"24":0,"25":0,"26":0,"27":2,"28":0,"29":0,"30":0,"31":0,"32":2,"33":0,"34":0,"35":0,"36":0},"f":{"0":0,"1":0,"2":0,"3":0,"4":0,"5":0,"6":0,"7":0,"8":0,"9":0,"10":0,"11":0,"12":0,"13":0,"14":0,"15":0,"16":0,"17":0,"18":0,"19":0,"20":0,"21":0},"b":{},"meta":{"lastBranch":0,"lastFunction":22,"lastStatement":37,"seen":{"s:9:27:14:Infinity":0,"f:9:27:9:33":0,"s:10:2:13:Infinity":1,"f:12:13:12:19":1,"s:12:19:12:Infinity":2,"s:16:25:22:Infinity":3,"f:16:25:16:26":2,"s:17:2:21:Infinity":4,"f:19:13:19:19":3,"s:19:19:19:Infinity":5,"s:24:31:33:Infinity":6,"f:24:31:24:37":4,"s:25:8:25:Infinity":7,"s:27:2:32:Infinity":8,"f:28:16:28:17":5,"s:28:47:28:Infinity":9,"f:29:15:29:21":6,"s:30:6:30:Infinity":10,"s:35:31:45:Infinity":11,"f:35:31:35:32":7,"s:36:8:36:Infinity":12,"s:38:2:44:Infinity":13,"f:39:16:39:17":8,"s:39:56:39:Infinity":14,"f:40:15:40:21":9,"s:41:6:41:Infinity":15,"s:42:6:42:Infinity":16,"s:47:31:56:Infinity":17,"f:47:31:47:37":10,"s:48:8:48:Infinity":18,"s:50:2:55:Infinity":19,"f:51:16:51:17":11,"s:51:38:51:Infinity":20,"f:52:15:52:21":12,"s:53:6:53:Infinity":21,"s:58:28:67:Infinity":22,"f:58:28:58:29":13,"s:59:8:59:Infinity":23,"s:61:2:66:Infinity":24,"f:62:16:62:17":14,"s:62:44:62:Infinity":25,"f:63:15:63:21":15,"s:64:6:64:Infinity":26,"s:69:31:78:Infinity":27,"f:69:31:69:32":16,"s:70:8:70:Infinity":28,"s:72:2:77:Infinity":29,"f:73:16:73:17":17,"s:73:38:73:Infinity":30,"f:74:15:74:21":18,"s:75:6:75:Infinity":31,"s:80:30:89:Infinity":32,"f:80:30:80:36":19,"s:81:8:81:Infinity":33,"s:83:2:88:Infinity":34,"f:84:16:84:17":20,"s:84:38:84:Infinity":35,"f:85:15:85:21":21,"s:86:6:86:Infinity":36}}}
,"/Users/chuckycastle/git/meal-together/frontend/src/services/api.ts": {"path":"/Users/chuckycastle/git/meal-together/frontend/src/services/api.ts","statementMap":{"0":{"start":{"line":32,"column":21},"end":{"line":32,"column":null}},"1":{"start":{"line":36,"column":32},"end":{"line":36,"column":null}},"2":{"start":{"line":37,"column":63},"end":{"line":37,"column":null}},"3":{"start":{"line":40,"column":4},"end":{"line":46,"column":null}},"4":{"start":{"line":48,"column":4},"end":{"line":48,"column":null}},"5":{"start":{"line":53,"column":4},"end":{"line":62,"column":null}},"6":{"start":{"line":55,"column":22},"end":{"line":55,"column":null}},"7":{"start":{"line":56,"column":8},"end":{"line":58,"column":null}},"8":{"start":{"line":57,"column":10},"end":{"line":57,"column":null}},"9":{"start":{"line":59,"column":8},"end":{"line":59,"column":null}},"10":{"start":{"line":61,"column":17},"end":{"line":61,"column":null}},"11":{"start":{"line":65,"column":4},"end":{"line":107,"column":null}},"12":{"start":{"line":66,"column":20},"end":{"line":66,"column":null}},"13":{"start":{"line":68,"column":32},"end":{"line":68,"column":null}},"14":{"start":{"line":71,"column":8},"end":{"line":103,"column":null}},"15":{"start":{"line":72,"column":10},"end":{"line":82,"column":null}},"16":{"start":{"line":74,"column":12},"end":{"line":81,"column":null}},"17":{"start":{"line":75,"column":14},"end":{"line":80,"column":null}},"18":{"start":{"line":76,"column":16},"end":{"line":78,"column":null}},"19":{"start":{"line":77,"column":18},"end":{"line":77,"column":null}},"20":{"start":{"line":79,"column":16},"end":{"line":79,"column":null}},"21":{"start":{"line":84,"column":10},"end":{"line":84,"column":null}},"22":{"start":{"line":85,"column":10},"end":{"line":85,"column":null}},"23":{"start":{"line":87,"column":10},"end":{"line":102,"column":null}},"24":{"start":{"line":88,"column":29},"end":{"line":88,"column":null}},"25":{"start":{"line":89,"column":12},"end":{"line":89,"column":null}},"26":{"start":{"line":90,"column":12},"end":{"line":90,"column":null}},"27":{"start":{"line":91,"column":12},"end":{"line":91,"column":null}},"28":{"start":{"line":93,"column":12},"end":{"line":95,"column":null}},"29":{"start":{"line":94,"column":14},"end":{"line":94,"column":null}},"30":{"start":{"line":96,"column":12},"end":{"line":96,"column":null}},"31":{"start":{"line":98,"column":12},"end":{"line":98,"column":null}},"32":{"start":{"line":99,"column":12},"end":{"line":99,"column":null}},"33":{"start":{"line":100,"column":12},"end":{"line":100,"column":null}},"34":{"start":{"line":101,"column":12},"end":{"line":101,"column":null}},"35":{"start":{"line":105,"column":8},"end":{"line":105,"column":null}},"36":{"start":{"line":111,"column":4},"end":{"line":111,"column":null}},"37":{"start":{"line":111,"column":50},"end":{"line":111,"column":65}},"38":{"start":{"line":115,"column":4},"end":{"line":121,"column":null}},"39":{"start":{"line":116,"column":6},"end":{"line":120,"column":null}},"40":{"start":{"line":122,"column":4},"end":{"line":125,"column":null}},"41":{"start":{"line":133,"column":4},"end":{"line":133,"column":null}},"42":{"start":{"line":137,"column":4},"end":{"line":137,"column":null}},"43":{"start":{"line":141,"column":4},"end":{"line":141,"column":null}},"44":{"start":{"line":142,"column":4},"end":{"line":142,"column":null}},"45":{"start":{"line":146,"column":4},"end":{"line":146,"column":null}},"46":{"start":{"line":147,"column":4},"end":{"line":147,"column":null}},"47":{"start":{"line":151,"column":25},"end":{"line":151,"column":null}},"48":{"start":{"line":152,"column":4},"end":{"line":154,"column":null}},"49":{"start":{"line":153,"column":6},"end":{"line":153,"column":null}},"50":{"start":{"line":156,"column":21},"end":{"line":164,"column":null}},"51":{"start":{"line":166,"column":29},"end":{"line":166,"column":null}},"52":{"start":{"line":167,"column":4},"end":{"line":167,"column":null}},"53":{"start":{"line":168,"column":4},"end":{"line":168,"column":null}},"54":{"start":{"line":176,"column":21},"end":{"line":176,"column":null}},"55":{"start":{"line":177,"column":4},"end":{"line":177,"column":null}},"56":{"start":{"line":178,"column":4},"end":{"line":178,"column":null}},"57":{"start":{"line":182,"column":21},"end":{"line":182,"column":null}},"58":{"start":{"line":183,"column":4},"end":{"line":183,"column":null}},"59":{"start":{"line":187,"column":21},"end":{"line":187,"column":null}},"60":{"start":{"line":188,"column":4},"end":{"line":188,"column":null}},"61":{"start":{"line":192,"column":21},"end":{"line":192,"column":null}},"62":{"start":{"line":193,"column":4},"end":{"line":193,"column":null}},"63":{"start":{"line":197,"column":4},"end":{"line":200,"column":null}},"64":{"start":{"line":204,"column":4},"end":{"line":204,"column":null}},"65":{"start":{"line":212,"column":21},"end":{"line":212,"column":null}},"66":{"start":{"line":213,"column":4},"end":{"line":213,"column":null}},"67":{"start":{"line":217,"column":21},"end":{"line":217,"column":null}},"68":{"start":{"line":218,"column":4},"end":{"line":218,"column":null}},"69":{"start":{"line":222,"column":21},"end":{"line":222,"column":null}},"70":{"start":{"line":223,"column":4},"end":{"line":223,"column":null}},"71":{"start":{"line":227,"column":21},"end":{"line":227,"column":null}},"72":{"start":{"line":228,"column":4},"end":{"line":228,"column":null}},"73":{"start":{"line":232,"column":4},"end":{"line":232,"column":null}},"74":{"start":{"line":236,"column":4},"end":{"line":236,"column":null}},"75":{"start":{"line":240,"column":4},"end":{"line":240,"column":null}},"76":{"start":{"line":244,"column":4},"end":{"line":244,"column":null}},"77":{"start":{"line":248,"column":4},"end":{"line":248,"column":null}},"78":{"start":{"line":256,"column":21},"end":{"line":258,"column":null}},"79":{"start":{"line":259,"column":4},"end":{"line":259,"column":null}},"80":{"start":{"line":263,"column":21},"end":{"line":265,"column":null}},"81":{"start":{"line":266,"column":4},"end":{"line":266,"column":null}},"82":{"start":{"line":270,"column":21},"end":{"line":273,"column":null}},"83":{"start":{"line":274,"column":4},"end":{"line":274,"column":null}},"84":{"start":{"line":282,"column":21},"end":{"line":285,"column":null}},"85":{"start":{"line":286,"column":4},"end":{"line":286,"column":null}},"86":{"start":{"line":290,"column":4},"end":{"line":290,"column":null}},"87":{"start":{"line":294,"column":21},"end":{"line":297,"column":null}},"88":{"start":{"line":298,"column":4},"end":{"line":298,"column":null}},"89":{"start":{"line":306,"column":21},"end":{"line":309,"column":null}},"90":{"start":{"line":310,"column":4},"end":{"line":310,"column":null}},"91":{"start":{"line":314,"column":21},"end":{"line":316,"column":null}},"92":{"start":{"line":317,"column":4},"end":{"line":317,"column":null}},"93":{"start":{"line":324,"column":21},"end":{"line":327,"column":null}},"94":{"start":{"line":328,"column":4},"end":{"line":328,"column":null}},"95":{"start":{"line":336,"column":21},"end":{"line":339,"column":null}},"96":{"start":{"line":340,"column":4},"end":{"line":340,"column":null}},"97":{"start":{"line":344,"column":4},"end":{"line":344,"column":null}},"98":{"start":{"line":352,"column":21},"end":{"line":355,"column":null}},"99":{"start":{"line":356,"column":4},"end":{"line":356,"column":null}},"100":{"start":{"line":365,"column":21},"end":{"line":368,"column":null}},"101":{"start":{"line":369,"column":4},"end":{"line":369,"column":null}},"102":{"start":{"line":373,"column":4},"end":{"line":373,"column":null}},"103":{"start":{"line":381,"column":21},"end":{"line":384,"column":null}},"104":{"start":{"line":385,"column":4},"end":{"line":385,"column":null}},"105":{"start":{"line":393,"column":21},"end":{"line":396,"column":null}},"106":{"start":{"line":397,"column":4},"end":{"line":397,"column":null}},"107":{"start":{"line":404,"column":21},"end":{"line":407,"column":null}},"108":{"start":{"line":408,"column":4},"end":{"line":408,"column":null}},"109":{"start":{"line":412,"column":21},"end":{"line":414,"column":null}},"110":{"start":{"line":415,"column":4},"end":{"line":415,"column":null}},"111":{"start":{"line":419,"column":21},"end":{"line":421,"column":null}},"112":{"start":{"line":422,"column":4},"end":{"line":422,"column":null}},"113":{"start":{"line":426,"column":21},"end":{"line":428,"column":null}},"114":{"start":{"line":429,"column":4},"end":{"line":429,"column":null}},"115":{"start":{"line":437,"column":21},"end":{"line":440,"column":null}},"116":{"start":{"line":441,"column":4},"end":{"line":441,"column":null}},"117":{"start":{"line":445,"column":21},"end":{"line":447,"column":null}},"118":{"start":{"line":448,"column":4},"end":{"line":448,"column":null}},"119":{"start":{"line":452,"column":21},"end":{"line":454,"column":null}},"120":{"start":{"line":455,"column":4},"end":{"line":455,"column":null}},"121":{"start":{"line":459,"column":21},"end":{"line":461,"column":null}},"122":{"start":{"line":462,"column":4},"end":{"line":462,"column":null}},"123":{"start":{"line":467,"column":25},"end":{"line":467,"column":null}}},"fnMap":{"0":{"name":"(anonymous_0)","decl":{"start":{"line":39,"column":2},"end":{"line":39,"column":16}},"loc":{"start":{"line":39,"column":16},"end":{"line":49,"column":null}},"line":39},"1":{"name":"(anonymous_1)","decl":{"start":{"line":51,"column":10},"end":{"line":51,"column":36}},"loc":{"start":{"line":51,"column":36},"end":{"line":108,"column":null}},"line":51},"2":{"name":"(anonymous_2)","decl":{"start":{"line":54,"column":6},"end":{"line":54,"column":7}},"loc":{"start":{"line":54,"column":46},"end":{"line":60,"column":null}},"line":54},"3":{"name":"(anonymous_3)","decl":{"start":{"line":61,"column":6},"end":{"line":61,"column":7}},"loc":{"start":{"line":61,"column":17},"end":{"line":61,"column":null}},"line":61},"4":{"name":"(anonymous_4)","decl":{"start":{"line":66,"column":6},"end":{"line":66,"column":7}},"loc":{"start":{"line":66,"column":20},"end":{"line":66,"column":null}},"line":66},"5":{"name":"(anonymous_5)","decl":{"start":{"line":67,"column":6},"end":{"line":67,"column":13}},"loc":{"start":{"line":67,"column":45},"end":{"line":106,"column":null}},"line":67},"6":{"name":"(anonymous_6)","decl":{"start":{"line":74,"column":31},"end":{"line":74,"column":32}},"loc":{"start":{"line":74,"column":44},"end":{"line":81,"column":13}},"line":74},"7":{"name":"(anonymous_7)","decl":{"start":{"line":75,"column":43},"end":{"line":75,"column":44}},"loc":{"start":{"line":75,"column":62},"end":{"line":80,"column":15}},"line":75},"8":{"name":"(anonymous_8)","decl":{"start":{"line":110,"column":10},"end":{"line":110,"column":22}},"loc":{"start":{"line":110,"column":43},"end":{"line":112,"column":null}},"line":110},"9":{"name":"(anonymous_9)","decl":{"start":{"line":111,"column":36},"end":{"line":111,"column":37}},"loc":{"start":{"line":111,"column":50},"end":{"line":111,"column":65}},"line":111},"10":{"name":"(anonymous_10)","decl":{"start":{"line":114,"column":10},"end":{"line":114,"column":22}},"loc":{"start":{"line":114,"column":61},"end":{"line":126,"column":null}},"line":114},"11":{"name":"(anonymous_11)","decl":{"start":{"line":132,"column":10},"end":{"line":132,"column":42}},"loc":{"start":{"line":132,"column":42},"end":{"line":134,"column":null}},"line":132},"12":{"name":"(anonymous_12)","decl":{"start":{"line":136,"column":10},"end":{"line":136,"column":43}},"loc":{"start":{"line":136,"column":43},"end":{"line":138,"column":null}},"line":136},"13":{"name":"(anonymous_13)","decl":{"start":{"line":140,"column":10},"end":{"line":140,"column":20}},"loc":{"start":{"line":140,"column":69},"end":{"line":143,"column":null}},"line":140},"14":{"name":"(anonymous_14)","decl":{"start":{"line":145,"column":10},"end":{"line":145,"column":30}},"loc":{"start":{"line":145,"column":30},"end":{"line":148,"column":null}},"line":145},"15":{"name":"(anonymous_15)","decl":{"start":{"line":150,"column":16},"end":{"line":150,"column":48}},"loc":{"start":{"line":150,"column":48},"end":{"line":169,"column":null}},"line":150},"16":{"name":"(anonymous_16)","decl":{"start":{"line":175,"column":8},"end":{"line":175,"column":14}},"loc":{"start":{"line":175,"column":55},"end":{"line":179,"column":null}},"line":175},"17":{"name":"(anonymous_17)","decl":{"start":{"line":181,"column":8},"end":{"line":181,"column":17}},"loc":{"start":{"line":181,"column":82},"end":{"line":184,"column":null}},"line":181},"18":{"name":"(anonymous_18)","decl":{"start":{"line":186,"column":8},"end":{"line":186,"column":40}},"loc":{"start":{"line":186,"column":40},"end":{"line":189,"column":null}},"line":186},"19":{"name":"(anonymous_19)","decl":{"start":{"line":191,"column":8},"end":{"line":191,"column":22}},"loc":{"start":{"line":191,"column":58},"end":{"line":194,"column":null}},"line":191},"20":{"name":"(anonymous_20)","decl":{"start":{"line":196,"column":8},"end":{"line":196,"column":23}},"loc":{"start":{"line":196,"column":84},"end":{"line":201,"column":null}},"line":196},"21":{"name":"(anonymous_21)","decl":{"start":{"line":203,"column":2},"end":{"line":203,"column":17}},"loc":{"start":{"line":203,"column":17},"end":{"line":205,"column":null}},"line":203},"22":{"name":"(anonymous_22)","decl":{"start":{"line":211,"column":8},"end":{"line":211,"column":41}},"loc":{"start":{"line":211,"column":41},"end":{"line":214,"column":null}},"line":211},"23":{"name":"(anonymous_23)","decl":{"start":{"line":216,"column":8},"end":{"line":216,"column":18}},"loc":{"start":{"line":216,"column":53},"end":{"line":219,"column":null}},"line":216},"24":{"name":"(anonymous_24)","decl":{"start":{"line":221,"column":8},"end":{"line":221,"column":21}},"loc":{"start":{"line":221,"column":65},"end":{"line":224,"column":null}},"line":221},"25":{"name":"(anonymous_25)","decl":{"start":{"line":226,"column":8},"end":{"line":226,"column":21}},"loc":{"start":{"line":226,"column":92},"end":{"line":229,"column":null}},"line":226},"26":{"name":"(anonymous_26)","decl":{"start":{"line":231,"column":8},"end":{"line":231,"column":21}},"loc":{"start":{"line":231,"column":54},"end":{"line":233,"column":null}},"line":231},"27":{"name":"(anonymous_27)","decl":{"start":{"line":235,"column":8},"end":{"line":235,"column":24}},"loc":{"start":{"line":235,"column":81},"end":{"line":237,"column":null}},"line":235},"28":{"name":"(anonymous_28)","decl":{"start":{"line":239,"column":8},"end":{"line":239,"column":25}},"loc":{"start":{"line":239,"column":90},"end":{"line":241,"column":null}},"line":239},"29":{"name":"(anonymous_29)","decl":{"start":{"line":243,"column":8},"end":{"line":243,"column":27}},"loc":{"start":{"line":243,"column":78},"end":{"line":245,"column":null}},"line":243},"30":{"name":"(anonymous_30)","decl":{"start":{"line":247,"column":8},"end":{"line":247,"column":20}},"loc":{"start":{"line":247,"column":53},"end":{"line":249,"column":null}},"line":247},"31":{"name":"(anonymous_31)","decl":{"start":{"line":255,"column":8},"end":{"line":255,"column":19}},"loc":{"start":{"line":255,"column":56},"end":{"line":260,"column":null}},"line":255},"32":{"name":"(anonymous_32)","decl":{"start":{"line":262,"column":8},"end":{"line":262,"column":18}},"loc":{"start":{"line":262,"column":71},"end":{"line":267,"column":null}},"line":262},"33":{"name":"(anonymous_33)","decl":{"start":{"line":269,"column":8},"end":{"line":269,"column":21}},"loc":{"start":{"line":269,"column":83},"end":{"line":275,"column":null}},"line":269},"34":{"name":"(anonymous_34)","decl":{"start":{"line":277,"column":8},"end":{"line":277,"column":null}},"loc":{"start":{"line":281,"column":21},"end":{"line":287,"column":null}},"line":281},"35":{"name":"(anonymous_35)","decl":{"start":{"line":289,"column":8},"end":{"line":289,"column":21}},"loc":{"start":{"line":289,"column":72},"end":{"line":291,"column":null}},"line":289},"36":{"name":"(anonymous_36)","decl":{"start":{"line":293,"column":8},"end":{"line":293,"column":21}},"loc":{"start":{"line":293,"column":90},"end":{"line":299,"column":null}},"line":293},"37":{"name":"(anonymous_37)","decl":{"start":{"line":305,"column":8},"end":{"line":305,"column":25}},"loc":{"start":{"line":305,"column":96},"end":{"line":311,"column":null}},"line":305},"38":{"name":"(anonymous_38)","decl":{"start":{"line":313,"column":8},"end":{"line":313,"column":24}},"loc":{"start":{"line":313,"column":81},"end":{"line":318,"column":null}},"line":313},"39":{"name":"(anonymous_39)","decl":{"start":{"line":320,"column":8},"end":{"line":320,"column":null}},"loc":{"start":{"line":323,"column":27},"end":{"line":329,"column":null}},"line":323},"40":{"name":"(anonymous_40)","decl":{"start":{"line":331,"column":8},"end":{"line":331,"column":null}},"loc":{"start":{"line":335,"column":27},"end":{"line":341,"column":null}},"line":335},"41":{"name":"(anonymous_41)","decl":{"start":{"line":343,"column":8},"end":{"line":343,"column":27}},"loc":{"start":{"line":343,"column":76},"end":{"line":345,"column":null}},"line":343},"42":{"name":"(anonymous_42)","decl":{"start":{"line":347,"column":8},"end":{"line":347,"column":null}},"loc":{"start":{"line":351,"column":31},"end":{"line":357,"column":null}},"line":351},"43":{"name":"(anonymous_43)","decl":{"start":{"line":359,"column":8},"end":{"line":359,"column":null}},"loc":{"start":{"line":364,"column":31},"end":{"line":370,"column":null}},"line":364},"44":{"name":"(anonymous_44)","decl":{"start":{"line":372,"column":8},"end":{"line":372,"column":27}},"loc":{"start":{"line":372,"column":92},"end":{"line":374,"column":null}},"line":372},"45":{"name":"(anonymous_45)","decl":{"start":{"line":376,"column":8},"end":{"line":376,"column":null}},"loc":{"start":{"line":380,"column":33},"end":{"line":386,"column":null}},"line":380},"46":{"name":"(anonymous_46)","decl":{"start":{"line":392,"column":8},"end":{"line":392,"column":26}},"loc":{"start":{"line":392,"column":100},"end":{"line":398,"column":null}},"line":392},"47":{"name":"(anonymous_47)","decl":{"start":{"line":400,"column":8},"end":{"line":400,"column":null}},"loc":{"start":{"line":403,"column":29},"end":{"line":409,"column":null}},"line":403},"48":{"name":"(anonymous_48)","decl":{"start":{"line":411,"column":8},"end":{"line":411,"column":26}},"loc":{"start":{"line":411,"column":71},"end":{"line":416,"column":null}},"line":411},"49":{"name":"(anonymous_49)","decl":{"start":{"line":418,"column":8},"end":{"line":418,"column":26}},"loc":{"start":{"line":418,"column":88},"end":{"line":423,"column":null}},"line":418},"50":{"name":"(anonymous_50)","decl":{"start":{"line":425,"column":8},"end":{"line":425,"column":31}},"loc":{"start":{"line":425,"column":93},"end":{"line":430,"column":null}},"line":425},"51":{"name":"(anonymous_51)","decl":{"start":{"line":436,"column":8},"end":{"line":436,"column":19}},"loc":{"start":{"line":436,"column":103},"end":{"line":442,"column":null}},"line":436},"52":{"name":"(anonymous_52)","decl":{"start":{"line":444,"column":8},"end":{"line":444,"column":19}},"loc":{"start":{"line":444,"column":95},"end":{"line":449,"column":null}},"line":444},"53":{"name":"(anonymous_53)","decl":{"start":{"line":451,"column":8},"end":{"line":451,"column":20}},"loc":{"start":{"line":451,"column":96},"end":{"line":456,"column":null}},"line":451},"54":{"name":"(anonymous_54)","decl":{"start":{"line":458,"column":8},"end":{"line":458,"column":20}},"loc":{"start":{"line":458,"column":96},"end":{"line":463,"column":null}},"line":458}},"branchMap":{"0":{"loc":{"start":{"line":32,"column":21},"end":{"line":32,"column":null}},"type":"binary-expr","locations":[{"start":{"line":32,"column":21},"end":{"line":32,"column":53}},{"start":{"line":32,"column":53},"end":{"line":32,"column":null}}],"line":32},"1":{"loc":{"start":{"line":56,"column":8},"end":{"line":58,"column":null}},"type":"if","locations":[{"start":{"line":56,"column":8},"end":{"line":58,"column":null}},{"start":{},"end":{}}],"line":56},"2":{"loc":{"start":{"line":56,"column":12},"end":{"line":56,"column":37}},"type":"binary-expr","locations":[{"start":{"line":56,"column":12},"end":{"line":56,"column":21}},{"start":{"line":56,"column":21},"end":{"line":56,"column":37}}],"line":56},"3":{"loc":{"start":{"line":71,"column":8},"end":{"line":103,"column":null}},"type":"if","locations":[{"start":{"line":71,"column":8},"end":{"line":103,"column":null}},{"start":{},"end":{}}],"line":71},"4":{"loc":{"start":{"line":71,"column":12},"end":{"line":71,"column":71}},"type":"binary-expr","locations":[{"start":{"line":71,"column":12},"end":{"line":71,"column":46}},{"start":{"line":71,"column":46},"end":{"line":71,"column":71}}],"line":71},"5":{"loc":{"start":{"line":72,"column":10},"end":{"line":82,"column":null}},"type":"if","locations":[{"start":{"line":72,"column":10},"end":{"line":82,"column":null}},{"start":{},"end":{}}],"line":72},"6":{"loc":{"start":{"line":76,"column":16},"end":{"line":78,"column":null}},"type":"if","locations":[{"start":{"line":76,"column":16},"end":{"line":78,"column":null}},{"start":{},"end":{}}],"line":76},"7":{"loc":{"start":{"line":93,"column":12},"end":{"line":95,"column":null}},"type":"if","locations":[{"start":{"line":93,"column":12},"end":{"line":95,"column":null}},{"start":{},"end":{}}],"line":93},"8":{"loc":{"start":{"line":115,"column":4},"end":{"line":121,"column":null}},"type":"if","locations":[{"start":{"line":115,"column":4},"end":{"line":121,"column":null}},{"start":{},"end":{}}],"line":115},"9":{"loc":{"start":{"line":117,"column":15},"end":{"line":117,"column":null}},"type":"binary-expr","locations":[{"start":{"line":117,"column":15},"end":{"line":117,"column":44}},{"start":{"line":117,"column":44},"end":{"line":117,"column":null}}],"line":117},"10":{"loc":{"start":{"line":123,"column":13},"end":{"line":123,"column":null}},"type":"binary-expr","locations":[{"start":{"line":123,"column":13},"end":{"line":123,"column":30}},{"start":{"line":123,"column":30},"end":{"line":123,"column":null}}],"line":123},"11":{"loc":{"start":{"line":152,"column":4},"end":{"line":154,"column":null}},"type":"if","locations":[{"start":{"line":152,"column":4},"end":{"line":154,"column":null}},{"start":{},"end":{}}],"line":152},"12":{"loc":{"start":{"line":305,"column":43},"end":{"line":305,"column":96}},"type":"default-arg","locations":[{"start":{"line":305,"column":65},"end":{"line":305,"column":96}}],"line":305}},"s":{"0":2,"1":2,"2":2,"3":2,"4":2,"5":2,"6":0,"7":0,"8":0,"9":0,"10":0,"11":2,"12":0,"13":0,"14":0,"15":0,"16":0,"17":0,"18":0,"19":0,"20":0,"21":0,"22":0,"23":0,"24":0,"25":0,"26":0,"27":0,"28":0,"29":0,"30":0,"31":0,"32":0,"33":0,"34":0,"35":0,"36":0,"37":0,"38":0,"39":0,"40":0,"41":0,"42":0,"43":0,"44":0,"45":0,"46":0,"47":0,"48":0,"49":0,"50":0,"51":0,"52":0,"53":0,"54":0,"55":0,"56":0,"57":0,"58":0,"59":0,"60":0,"61":0,"62":0,"63":0,"64":0,"65":0,"66":0,"67":0,"68":0,"69":0,"70":0,"71":0,"72":0,"73":0,"74":0,"75":0,"76":0,"77":0,"78":0,"79":0,"80":0,"81":0,"82":0,"83":0,"84":0,"85":0,"86":0,"87":0,"88":0,"89":0,"90":0,"91":0,"92":0,"93":0,"94":0,"95":0,"96":0,"97":0,"98":0,"99":0,"100":0,"101":0,"102":0,"103":0,"104":0,"105":0,"106":0,"107":0,"108":0,"109":0,"110":0,"111":0,"112":0,"113":0,"114":0,"115":0,"116":0,"117":0,"118":0,"119":0,"120":0,"121":0,"122":0,"123":2},"f":{"0":2,"1":2,"2":0,"3":0,"4":0,"5":0,"6":0,"7":0,"8":0,"9":0,"10":0,"11":0,"12":0,"13":0,"14":0,"15":0,"16":0,"17":0,"18":0,"19":0,"20":0,"21":0,"22":0,"23":0,"24":0,"25":0,"26":0,"27":0,"28":0,"29":0,"30":0,"31":0,"32":0,"33":0,"34":0,"35":0,"36":0,"37":0,"38":0,"39":0,"40":0,"41":0,"42":0,"43":0,"44":0,"45":0,"46":0,"47":0,"48":0,"49":0,"50":0,"51":0,"52":0,"53":0,"54":0},"b":{"0":[2,2],"1":[0,0],"2":[0,0],"3":[0,0],"4":[0,0],"5":[0,0],"6":[0,0],"7":[0,0],"8":[0,0],"9":[0,0],"10":[0,0],"11":[0,0],"12":[0]},"meta":{"lastBranch":13,"lastFunction":55,"lastStatement":124,"seen":{"s:32:21:32:Infinity":0,"b:32:21:32:53:32:53:32:Infinity":0,"s:36:32:36:Infinity":1,"s:37:63:37:Infinity":2,"f:39:2:39:16":0,"s:40:4:46:Infinity":3,"s:48:4:48:Infinity":4,"f:51:10:51:36":1,"s:53:4:62:Infinity":5,"f:54:6:54:7":2,"s:55:22:55:Infinity":6,"b:56:8:58:Infinity:undefined:undefined:undefined:undefined":1,"s:56:8:58:Infinity":7,"b:56:12:56:21:56:21:56:37":2,"s:57:10:57:Infinity":8,"s:59:8:59:Infinity":9,"f:61:6:61:7":3,"s:61:17:61:Infinity":10,"s:65:4:107:Infinity":11,"f:66:6:66:7":4,"s:66:20:66:Infinity":12,"f:67:6:67:13":5,"s:68:32:68:Infinity":13,"b:71:8:103:Infinity:undefined:undefined:undefined:undefined":3,"s:71:8:103:Infinity":14,"b:71:12:71:46:71:46:71:71":4,"b:72:10:82:Infinity:undefined:undefined:undefined:undefined":5,"s:72:10:82:Infinity":15,"s:74:12:81:Infinity":16,"f:74:31:74:32":6,"s:75:14:80:Infinity":17,"f:75:43:75:44":7,"b:76:16:78:Infinity:undefined:undefined:undefined:undefined":6,"s:76:16:78:Infinity":18,"s:77:18:77:Infinity":19,"s:79:16:79:Infinity":20,"s:84:10:84:Infinity":21,"s:85:10:85:Infinity":22,"s:87:10:102:Infinity":23,"s:88:29:88:Infinity":24,"s:89:12:89:Infinity":25,"s:90:12:90:Infinity":26,"s:91:12:91:Infinity":27,"b:93:12:95:Infinity:undefined:undefined:undefined:undefined":7,"s:93:12:95:Infinity":28,"s:94:14:94:Infinity":29,"s:96:12:96:Infinity":30,"s:98:12:98:Infinity":31,"s:99:12:99:Infinity":32,"s:100:12:100:Infinity":33,"s:101:12:101:Infinity":34,"s:105:8:105:Infinity":35,"f:110:10:110:22":8,"s:111:4:111:Infinity":36,"f:111:36:111:37":9,"s:111:50:111:65":37,"f:114:10:114:22":10,"b:115:4:121:Infinity:undefined:undefined:undefined:undefined":8,"s:115:4:121:Infinity":38,"s:116:6:120:Infinity":39,"b:117:15:117:44:117:44:117:Infinity":9,"s:122:4:125:Infinity":40,"b:123:13:123:30:123:30:123:Infinity":10,"f:132:10:132:42":11,"s:133:4:133:Infinity":41,"f:136:10:136:43":12,"s:137:4:137:Infinity":42,"f:140:10:140:20":13,"s:141:4:141:Infinity":43,"s:142:4:142:Infinity":44,"f:145:10:145:30":14,"s:146:4:146:Infinity":45,"s:147:4:147:Infinity":46,"f:150:16:150:48":15,"s:151:25:151:Infinity":47,"b:152:4:154:Infinity:undefined:undefined:undefined:undefined":11,"s:152:4:154:Infinity":48,"s:153:6:153:Infinity":49,"s:156:21:164:Infinity":50,"s:166:29:166:Infinity":51,"s:167:4:167:Infinity":52,"s:168:4:168:Infinity":53,"f:175:8:175:14":16,"s:176:21:176:Infinity":54,"s:177:4:177:Infinity":55,"s:178:4:178:Infinity":56,"f:181:8:181:17":17,"s:182:21:182:Infinity":57,"s:183:4:183:Infinity":58,"f:186:8:186:40":18,"s:187:21:187:Infinity":59,"s:188:4:188:Infinity":60,"f:191:8:191:22":19,"s:192:21:192:Infinity":61,"s:193:4:193:Infinity":62,"f:196:8:196:23":20,"s:197:4:200:Infinity":63,"f:203:2:203:17":21,"s:204:4:204:Infinity":64,"f:211:8:211:41":22,"s:212:21:212:Infinity":65,"s:213:4:213:Infinity":66,"f:216:8:216:18":23,"s:217:21:217:Infinity":67,"s:218:4:218:Infinity":68,"f:221:8:221:21":24,"s:222:21:222:Infinity":69,"s:223:4:223:Infinity":70,"f:226:8:226:21":25,"s:227:21:227:Infinity":71,"s:228:4:228:Infinity":72,"f:231:8:231:21":26,"s:232:4:232:Infinity":73,"f:235:8:235:24":27,"s:236:4:236:Infinity":74,"f:239:8:239:25":28,"s:240:4:240:Infinity":75,"f:243:8:243:27":29,"s:244:4:244:Infinity":76,"f:247:8:247:20":30,"s:248:4:248:Infinity":77,"f:255:8:255:19":31,"s:256:21:258:Infinity":78,"s:259:4:259:Infinity":79,"f:262:8:262:18":32,"s:263:21:265:Infinity":80,"s:266:4:266:Infinity":81,"f:269:8:269:21":33,"s:270:21:273:Infinity":82,"s:274:4:274:Infinity":83,"f:277:8:277:Infinity":34,"s:282:21:285:Infinity":84,"s:286:4:286:Infinity":85,"f:289:8:289:21":35,"s:290:4:290:Infinity":86,"f:293:8:293:21":36,"s:294:21:297:Infinity":87,"s:298:4:298:Infinity":88,"f:305:8:305:25":37,"b:305:65:305:96":12,"s:306:21:309:Infinity":89,"s:310:4:310:Infinity":90,"f:313:8:313:24":38,"s:314:21:316:Infinity":91,"s:317:4:317:Infinity":92,"f:320:8:320:Infinity":39,"s:324:21:327:Infinity":93,"s:328:4:328:Infinity":94,"f:331:8:331:Infinity":40,"s:336:21:339:Infinity":95,"s:340:4:340:Infinity":96,"f:343:8:343:27":41,"s:344:4:344:Infinity":97,"f:347:8:347:Infinity":42,"s:352:21:355:Infinity":98,"s:356:4:356:Infinity":99,"f:359:8:359:Infinity":43,"s:365:21:368:Infinity":100,"s:369:4:369:Infinity":101,"f:372:8:372:27":44,"s:373:4:373:Infinity":102,"f:376:8:376:Infinity":45,"s:381:21:384:Infinity":103,"s:385:4:385:Infinity":104,"f:392:8:392:26":46,"s:393:21:396:Infinity":105,"s:397:4:397:Infinity":106,"f:400:8:400:Infinity":47,"s:404:21:407:Infinity":107,"s:408:4:408:Infinity":108,"f:411:8:411:26":48,"s:412:21:414:Infinity":109,"s:415:4:415:Infinity":110,"f:418:8:418:26":49,"s:419:21:421:Infinity":111,"s:422:4:422:Infinity":112,"f:425:8:425:31":50,"s:426:21:428:Infinity":113,"s:429:4:429:Infinity":114,"f:436:8:436:19":51,"s:437:21:440:Infinity":115,"s:441:4:441:Infinity":116,"f:444:8:444:19":52,"s:445:21:447:Infinity":117,"s:448:4:448:Infinity":118,"f:451:8:451:20":53,"s:452:21:454:Infinity":119,"s:455:4:455:Infinity":120,"f:458:8:458:20":54,"s:459:21:461:Infinity":121,"s:462:4:462:Infinity":122,"s:467:25:467:Infinity":123}}}
,"/Users/chuckycastle/git/meal-together/frontend/src/services/websocket.ts": {"path":"/Users/chuckycastle/git/meal-together/frontend/src/services/websocket.ts","statementMap":{"0":{"start":{"line":17,"column":15},"end":{"line":17,"column":null}},"1":{"start":{"line":22,"column":34},"end":{"line":22,"column":null}},"2":{"start":{"line":23,"column":67},"end":{"line":23,"column":null}},"3":{"start":{"line":24,"column":30},"end":{"line":24,"column":null}},"4":{"start":{"line":25,"column":33},"end":{"line":25,"column":null}},"5":{"start":{"line":28,"column":4},"end":{"line":28,"column":null}},"6":{"start":{"line":32,"column":4},"end":{"line":34,"column":null}},"7":{"start":{"line":33,"column":6},"end":{"line":33,"column":null}},"8":{"start":{"line":36,"column":4},"end":{"line":42,"column":null}},"9":{"start":{"line":44,"column":4},"end":{"line":44,"column":null}},"10":{"start":{"line":48,"column":4},"end":{"line":48,"column":null}},"11":{"start":{"line":48,"column":22},"end":{"line":48,"column":null}},"12":{"start":{"line":50,"column":4},"end":{"line":54,"column":null}},"13":{"start":{"line":51,"column":6},"end":{"line":51,"column":null}},"14":{"start":{"line":52,"column":6},"end":{"line":52,"column":null}},"15":{"start":{"line":53,"column":6},"end":{"line":53,"column":null}},"16":{"start":{"line":56,"column":4},"end":{"line":59,"column":null}},"17":{"start":{"line":57,"column":6},"end":{"line":57,"column":null}},"18":{"start":{"line":58,"column":6},"end":{"line":58,"column":null}},"19":{"start":{"line":61,"column":4},"end":{"line":65,"column":null}},"20":{"start":{"line":62,"column":6},"end":{"line":62,"column":null}},"21":{"start":{"line":63,"column":6},"end":{"line":63,"column":null}},"22":{"start":{"line":64,"column":6},"end":{"line":64,"column":null}},"23":{"start":{"line":68,"column":4},"end":{"line":70,"column":null}},"24":{"start":{"line":69,"column":6},"end":{"line":69,"column":null}},"25":{"start":{"line":72,"column":4},"end":{"line":75,"column":null}},"26":{"start":{"line":73,"column":6},"end":{"line":73,"column":null}},"27":{"start":{"line":74,"column":6},"end":{"line":74,"column":null}},"28":{"start":{"line":77,"column":4},"end":{"line":80,"column":null}},"29":{"start":{"line":78,"column":6},"end":{"line":78,"column":null}},"30":{"start":{"line":79,"column":6},"end":{"line":79,"column":null}},"31":{"start":{"line":82,"column":4},"end":{"line":85,"column":null}},"32":{"start":{"line":83,"column":6},"end":{"line":83,"column":null}},"33":{"start":{"line":84,"column":6},"end":{"line":84,"column":null}},"34":{"start":{"line":88,"column":4},"end":{"line":90,"column":null}},"35":{"start":{"line":89,"column":6},"end":{"line":89,"column":null}},"36":{"start":{"line":92,"column":4},"end":{"line":94,"column":null}},"37":{"start":{"line":93,"column":6},"end":{"line":93,"column":null}},"38":{"start":{"line":96,"column":4},"end":{"line":98,"column":null}},"39":{"start":{"line":97,"column":6},"end":{"line":97,"column":null}},"40":{"start":{"line":100,"column":4},"end":{"line":102,"column":null}},"41":{"start":{"line":101,"column":6},"end":{"line":101,"column":null}},"42":{"start":{"line":105,"column":4},"end":{"line":107,"column":null}},"43":{"start":{"line":106,"column":6},"end":{"line":106,"column":null}},"44":{"start":{"line":109,"column":4},"end":{"line":111,"column":null}},"45":{"start":{"line":110,"column":6},"end":{"line":110,"column":null}},"46":{"start":{"line":113,"column":4},"end":{"line":115,"column":null}},"47":{"start":{"line":114,"column":6},"end":{"line":114,"column":null}},"48":{"start":{"line":117,"column":4},"end":{"line":119,"column":null}},"49":{"start":{"line":118,"column":6},"end":{"line":118,"column":null}},"50":{"start":{"line":121,"column":4},"end":{"line":123,"column":null}},"51":{"start":{"line":122,"column":6},"end":{"line":122,"column":null}},"52":{"start":{"line":126,"column":4},"end":{"line":128,"column":null}},"53":{"start":{"line":127,"column":6},"end":{"line":127,"column":null}},"54":{"start":{"line":130,"column":4},"end":{"line":132,"column":null}},"55":{"start":{"line":131,"column":6},"end":{"line":131,"column":null}},"56":{"start":{"line":134,"column":4},"end":{"line":136,"column":null}},"57":{"start":{"line":135,"column":6},"end":{"line":135,"column":null}},"58":{"start":{"line":139,"column":4},"end":{"line":141,"column":null}},"59":{"start":{"line":140,"column":6},"end":{"line":140,"column":null}},"60":{"start":{"line":143,"column":4},"end":{"line":145,"column":null}},"61":{"start":{"line":144,"column":6},"end":{"line":144,"column":null}},"62":{"start":{"line":148,"column":4},"end":{"line":150,"column":null}},"63":{"start":{"line":149,"column":6},"end":{"line":149,"column":null}},"64":{"start":{"line":152,"column":4},"end":{"line":154,"column":null}},"65":{"start":{"line":153,"column":6},"end":{"line":153,"column":null}},"66":{"start":{"line":156,"column":4},"end":{"line":158,"column":null}},"67":{"start":{"line":157,"column":6},"end":{"line":157,"column":null}},"68":{"start":{"line":162,"column":4},"end":{"line":162,"column":null}},"69":{"start":{"line":162,"column":22},"end":{"line":162,"column":null}},"70":{"start":{"line":163,"column":4},"end":{"line":163,"column":null}},"71":{"start":{"line":167,"column":4},"end":{"line":167,"column":null}},"72":{"start":{"line":167,"column":22},"end":{"line":167,"column":null}},"73":{"start":{"line":168,"column":4},"end":{"line":168,"column":null}},"74":{"start":{"line":172,"column":4},"end":{"line":172,"column":null}},"75":{"start":{"line":172,"column":22},"end":{"line":172,"column":null}},"76":{"start":{"line":173,"column":4},"end":{"line":173,"column":null}},"77":{"start":{"line":177,"column":4},"end":{"line":177,"column":null}},"78":{"start":{"line":177,"column":22},"end":{"line":177,"column":null}},"79":{"start":{"line":178,"column":4},"end":{"line":178,"column":null}},"80":{"start":{"line":182,"column":4},"end":{"line":182,"column":null}},"81":{"start":{"line":182,"column":22},"end":{"line":182,"column":null}},"82":{"start":{"line":183,"column":4},"end":{"line":183,"column":null}},"83":{"start":{"line":187,"column":4},"end":{"line":187,"column":null}},"84":{"start":{"line":187,"column":22},"end":{"line":187,"column":null}},"85":{"start":{"line":188,"column":4},"end":{"line":188,"column":null}},"86":{"start":{"line":192,"column":4},"end":{"line":194,"column":null}},"87":{"start":{"line":193,"column":6},"end":{"line":193,"column":null}},"88":{"start":{"line":196,"column":4},"end":{"line":196,"column":null}},"89":{"start":{"line":199,"column":4},"end":{"line":199,"column":null}},"90":{"start":{"line":199,"column":17},"end":{"line":199,"column":null}},"91":{"start":{"line":203,"column":21},"end":{"line":203,"column":null}},"92":{"start":{"line":204,"column":4},"end":{"line":206,"column":null}},"93":{"start":{"line":205,"column":6},"end":{"line":205,"column":null}},"94":{"start":{"line":210,"column":21},"end":{"line":210,"column":null}},"95":{"start":{"line":211,"column":4},"end":{"line":213,"column":null}},"96":{"start":{"line":212,"column":6},"end":{"line":212,"column":null}},"97":{"start":{"line":212,"column":36},"end":{"line":212,"column":49}},"98":{"start":{"line":217,"column":4},"end":{"line":219,"column":null}},"99":{"start":{"line":218,"column":6},"end":{"line":218,"column":null}},"100":{"start":{"line":220,"column":4},"end":{"line":220,"column":null}},"101":{"start":{"line":224,"column":4},"end":{"line":224,"column":null}},"102":{"start":{"line":228,"column":4},"end":{"line":228,"column":null}},"103":{"start":{"line":232,"column":4},"end":{"line":232,"column":null}},"104":{"start":{"line":237,"column":32},"end":{"line":237,"column":null}}},"fnMap":{"0":{"name":"(anonymous_0)","decl":{"start":{"line":27,"column":2},"end":{"line":27,"column":16}},"loc":{"start":{"line":27,"column":16},"end":{"line":29,"column":null}},"line":27},"1":{"name":"(anonymous_1)","decl":{"start":{"line":31,"column":10},"end":{"line":31,"column":26}},"loc":{"start":{"line":31,"column":26},"end":{"line":45,"column":null}},"line":31},"2":{"name":"(anonymous_2)","decl":{"start":{"line":47,"column":10},"end":{"line":47,"column":38}},"loc":{"start":{"line":47,"column":38},"end":{"line":159,"column":null}},"line":47},"3":{"name":"(anonymous_3)","decl":{"start":{"line":50,"column":30},"end":{"line":50,"column":36}},"loc":{"start":{"line":50,"column":36},"end":{"line":54,"column":5}},"line":50},"4":{"name":"(anonymous_4)","decl":{"start":{"line":56,"column":33},"end":{"line":56,"column":34}},"loc":{"start":{"line":56,"column":45},"end":{"line":59,"column":5}},"line":56},"5":{"name":"(anonymous_5)","decl":{"start":{"line":61,"column":36},"end":{"line":61,"column":37}},"loc":{"start":{"line":61,"column":47},"end":{"line":65,"column":5}},"line":61},"6":{"name":"(anonymous_6)","decl":{"start":{"line":68,"column":32},"end":{"line":68,"column":33}},"loc":{"start":{"line":68,"column":42},"end":{"line":70,"column":5}},"line":68},"7":{"name":"(anonymous_7)","decl":{"start":{"line":72,"column":36},"end":{"line":72,"column":37}},"loc":{"start":{"line":72,"column":46},"end":{"line":75,"column":5}},"line":72},"8":{"name":"(anonymous_8)","decl":{"start":{"line":77,"column":36},"end":{"line":77,"column":37}},"loc":{"start":{"line":77,"column":46},"end":{"line":80,"column":5}},"line":77},"9":{"name":"(anonymous_9)","decl":{"start":{"line":82,"column":28},"end":{"line":82,"column":29}},"loc":{"start":{"line":82,"column":38},"end":{"line":85,"column":5}},"line":82},"10":{"name":"(anonymous_10)","decl":{"start":{"line":88,"column":42},"end":{"line":88,"column":43}},"loc":{"start":{"line":88,"column":85},"end":{"line":90,"column":5}},"line":88},"11":{"name":"(anonymous_11)","decl":{"start":{"line":92,"column":44},"end":{"line":92,"column":45}},"loc":{"start":{"line":92,"column":89},"end":{"line":94,"column":5}},"line":92},"12":{"name":"(anonymous_12)","decl":{"start":{"line":96,"column":44},"end":{"line":96,"column":45}},"loc":{"start":{"line":96,"column":89},"end":{"line":98,"column":5}},"line":96},"13":{"name":"(anonymous_13)","decl":{"start":{"line":100,"column":48},"end":{"line":100,"column":49}},"loc":{"start":{"line":100,"column":58},"end":{"line":102,"column":5}},"line":100},"14":{"name":"(anonymous_14)","decl":{"start":{"line":105,"column":36},"end":{"line":105,"column":37}},"loc":{"start":{"line":105,"column":67},"end":{"line":107,"column":5}},"line":105},"15":{"name":"(anonymous_15)","decl":{"start":{"line":109,"column":35},"end":{"line":109,"column":36}},"loc":{"start":{"line":109,"column":66},"end":{"line":111,"column":5}},"line":109},"16":{"name":"(anonymous_16)","decl":{"start":{"line":113,"column":36},"end":{"line":113,"column":37}},"loc":{"start":{"line":113,"column":67},"end":{"line":115,"column":5}},"line":113},"17":{"name":"(anonymous_17)","decl":{"start":{"line":117,"column":38},"end":{"line":117,"column":39}},"loc":{"start":{"line":117,"column":69},"end":{"line":119,"column":5}},"line":117},"18":{"name":"(anonymous_18)","decl":{"start":{"line":121,"column":38},"end":{"line":121,"column":39}},"loc":{"start":{"line":121,"column":69},"end":{"line":123,"column":5}},"line":121},"19":{"name":"(anonymous_19)","decl":{"start":{"line":126,"column":34},"end":{"line":126,"column":35}},"loc":{"start":{"line":126,"column":70},"end":{"line":128,"column":5}},"line":126},"20":{"name":"(anonymous_20)","decl":{"start":{"line":130,"column":32},"end":{"line":130,"column":33}},"loc":{"start":{"line":130,"column":66},"end":{"line":132,"column":5}},"line":130},"21":{"name":"(anonymous_21)","decl":{"start":{"line":134,"column":34},"end":{"line":134,"column":35}},"loc":{"start":{"line":134,"column":66},"end":{"line":136,"column":5}},"line":134},"22":{"name":"(anonymous_22)","decl":{"start":{"line":139,"column":46},"end":{"line":139,"column":47}},"loc":{"start":{"line":139,"column":56},"end":{"line":141,"column":5}},"line":139},"23":{"name":"(anonymous_23)","decl":{"start":{"line":143,"column":48},"end":{"line":143,"column":49}},"loc":{"start":{"line":143,"column":58},"end":{"line":145,"column":5}},"line":143},"24":{"name":"(anonymous_24)","decl":{"start":{"line":148,"column":44},"end":{"line":148,"column":45}},"loc":{"start":{"line":148,"column":54},"end":{"line":150,"column":5}},"line":148},"25":{"name":"(anonymous_25)","decl":{"start":{"line":152,"column":44},"end":{"line":152,"column":45}},"loc":{"start":{"line":152,"column":54},"end":{"line":154,"column":5}},"line":152},"26":{"name":"(anonymous_26)","decl":{"start":{"line":156,"column":44},"end":{"line":156,"column":45}},"loc":{"start":{"line":156,"column":54},"end":{"line":158,"column":5}},"line":156},"27":{"name":"(anonymous_27)","decl":{"start":{"line":161,"column":2},"end":{"line":161,"column":15}},"loc":{"start":{"line":161,"column":36},"end":{"line":164,"column":null}},"line":161},"28":{"name":"(anonymous_28)","decl":{"start":{"line":166,"column":2},"end":{"line":166,"column":13}},"loc":{"start":{"line":166,"column":37},"end":{"line":169,"column":null}},"line":166},"29":{"name":"(anonymous_29)","decl":{"start":{"line":171,"column":2},"end":{"line":171,"column":14}},"loc":{"start":{"line":171,"column":38},"end":{"line":174,"column":null}},"line":171},"30":{"name":"(anonymous_30)","decl":{"start":{"line":176,"column":2},"end":{"line":176,"column":13}},"loc":{"start":{"line":176,"column":72},"end":{"line":179,"column":null}},"line":176},"31":{"name":"(anonymous_31)","decl":{"start":{"line":181,"column":2},"end":{"line":181,"column":14}},"loc":{"start":{"line":181,"column":38},"end":{"line":184,"column":null}},"line":181},"32":{"name":"(anonymous_32)","decl":{"start":{"line":186,"column":2},"end":{"line":186,"column":15}},"loc":{"start":{"line":186,"column":15},"end":{"line":189,"column":null}},"line":186},"33":{"name":"(anonymous_33)","decl":{"start":{"line":191,"column":2},"end":{"line":191,"column":14}},"loc":{"start":{"line":191,"column":76},"end":{"line":200,"column":null}},"line":191},"34":{"name":"(anonymous_34)","decl":{"start":{"line":199,"column":11},"end":{"line":199,"column":17}},"loc":{"start":{"line":199,"column":17},"end":{"line":199,"column":null}},"line":199},"35":{"name":"(anonymous_35)","decl":{"start":{"line":202,"column":2},"end":{"line":202,"column":15}},"loc":{"start":{"line":202,"column":71},"end":{"line":207,"column":null}},"line":202},"36":{"name":"(anonymous_36)","decl":{"start":{"line":209,"column":10},"end":{"line":209,"column":24}},"loc":{"start":{"line":209,"column":54},"end":{"line":214,"column":null}},"line":209},"37":{"name":"(anonymous_37)","decl":{"start":{"line":212,"column":23},"end":{"line":212,"column":24}},"loc":{"start":{"line":212,"column":36},"end":{"line":212,"column":49}},"line":212},"38":{"name":"(anonymous_38)","decl":{"start":{"line":216,"column":2},"end":{"line":216,"column":24}},"loc":{"start":{"line":216,"column":24},"end":{"line":221,"column":null}},"line":216},"39":{"name":"(anonymous_39)","decl":{"start":{"line":223,"column":2},"end":{"line":223,"column":21}},"loc":{"start":{"line":223,"column":21},"end":{"line":225,"column":null}},"line":223},"40":{"name":"(anonymous_40)","decl":{"start":{"line":227,"column":2},"end":{"line":227,"column":25}},"loc":{"start":{"line":227,"column":25},"end":{"line":229,"column":null}},"line":227},"41":{"name":"(anonymous_41)","decl":{"start":{"line":231,"column":2},"end":{"line":231,"column":29}},"loc":{"start":{"line":231,"column":29},"end":{"line":233,"column":null}},"line":231}},"branchMap":{"0":{"loc":{"start":{"line":17,"column":15},"end":{"line":17,"column":null}},"type":"binary-expr","locations":[{"start":{"line":17,"column":15},"end":{"line":17,"column":46}},{"start":{"line":17,"column":46},"end":{"line":17,"column":null}}],"line":17},"1":{"loc":{"start":{"line":32,"column":4},"end":{"line":34,"column":null}},"type":"if","locations":[{"start":{"line":32,"column":4},"end":{"line":34,"column":null}},{"start":{},"end":{}}],"line":32},"2":{"loc":{"start":{"line":48,"column":4},"end":{"line":48,"column":null}},"type":"if","locations":[{"start":{"line":48,"column":4},"end":{"line":48,"column":null}},{"start":{},"end":{}}],"line":48},"3":{"loc":{"start":{"line":162,"column":4},"end":{"line":162,"column":null}},"type":"if","locations":[{"start":{"line":162,"column":4},"end":{"line":162,"column":null}},{"start":{},"end":{}}],"line":162},"4":{"loc":{"start":{"line":167,"column":4},"end":{"line":167,"column":null}},"type":"if","locations":[{"start":{"line":167,"column":4},"end":{"line":167,"column":null}},{"start":{},"end":{}}],"line":167},"5":{"loc":{"start":{"line":172,"column":4},"end":{"line":172,"column":null}},"type":"if","locations":[{"start":{"line":172,"column":4},"end":{"line":172,"column":null}},{"start":{},"end":{}}],"line":172},"6":{"loc":{"start":{"line":177,"column":4},"end":{"line":177,"column":null}},"type":"if","locations":[{"start":{"line":177,"column":4},"end":{"line":177,"column":null}},{"start":{},"end":{}}],"line":177},"7":{"loc":{"start":{"line":182,"column":4},"end":{"line":182,"column":null}},"type":"if","locations":[{"start":{"line":182,"column":4},"end":{"line":182,"column":null}},{"start":{},"end":{}}],"line":182},"8":{"loc":{"start":{"line":187,"column":4},"end":{"line":187,"column":null}},"type":"if","locations":[{"start":{"line":187,"column":4},"end":{"line":187,"column":null}},{"start":{},"end":{}}],"line":187},"9":{"loc":{"start":{"line":192,"column":4},"end":{"line":194,"column":null}},"type":"if","locations":[{"start":{"line":192,"column":4},"end":{"line":194,"column":null}},{"start":{},"end":{}}],"line":192},"10":{"loc":{"start":{"line":204,"column":4},"end":{"line":206,"column":null}},"type":"if","locations":[{"start":{"line":204,"column":4},"end":{"line":206,"column":null}},{"start":{},"end":{}}],"line":204},"11":{"loc":{"start":{"line":211,"column":4},"end":{"line":213,"column":null}},"type":"if","locations":[{"start":{"line":211,"column":4},"end":{"line":213,"column":null}},{"start":{},"end":{}}],"line":211},"12":{"loc":{"start":{"line":217,"column":4},"end":{"line":219,"column":null}},"type":"if","locations":[{"start":{"line":217,"column":4},"end":{"line":219,"column":null}},{"start":{},"end":{}}],"line":217},"13":{"loc":{"start":{"line":228,"column":11},"end":{"line":228,"column":null}},"type":"binary-expr","locations":[{"start":{"line":228,"column":11},"end":{"line":228,"column":37}},{"start":{"line":228,"column":37},"end":{"line":228,"column":null}}],"line":228}},"s":{"0":2,"1":2,"2":2,"3":2,"4":2,"5":2,"6":2,"7":0,"8":2,"9":2,"10":2,"11":0,"12":2,"13":0,"14":0,"15":0,"16":2,"17":0,"18":0,"19":2,"20":0,"21":0,"22":0,"23":2,"24":0,"25":2,"26":0,"27":0,"28":2,"29":0,"30":0,"31":2,"32":0,"33":0,"34":2,"35":0,"36":2,"37":0,"38":2,"39":0,"40":2,"41":0,"42":2,"43":0,"44":2,"45":0,"46":2,"47":0,"48":2,"49":0,"50":2,"51":0,"52":2,"53":0,"54":2,"55":0,"56":2,"57":0,"58":2,"59":0,"60":2,"61":0,"62":2,"63":0,"64":2,"65":0,"66":2,"67":0,"68":0,"69":0,"70":0,"71":0,"72":0,"73":0,"74":0,"75":0,"76":0,"77":0,"78":0,"79":0,"80":0,"81":0,"82":0,"83":0,"84":0,"85":0,"86":0,"87":0,"88":0,"89":0,"90":0,"91":0,"92":0,"93":0,"94":0,"95":0,"96":0,"97":0,"98":0,"99":0,"100":0,"101":0,"102":0,"103":0,"104":2},"f":{"0":2,"1":2,"2":2,"3":0,"4":0,"5":0,"6":0,"7":0,"8":0,"9":0,"10":0,"11":0,"12":0,"13":0,"14":0,"15":0,"16":0,"17":0,"18":0,"19":0,"20":0,"21":0,"22":0,"23":0,"24":0,"25":0,"26":0,"27":0,"28":0,"29":0,"30":0,"31":0,"32":0,"33":0,"34":0,"35":0,"36":0,"37":0,"38":0,"39":0,"40":0,"41":0},"b":{"0":[2,2],"1":[0,2],"2":[0,2],"3":[0,0],"4":[0,0],"5":[0,0],"6":[0,0],"7":[0,0],"8":[0,0],"9":[0,0],"10":[0,0],"11":[0,0],"12":[0,0],"13":[0,0]},"meta":{"lastBranch":14,"lastFunction":42,"lastStatement":105,"seen":{"s:17:15:17:Infinity":0,"b:17:15:17:46:17:46:17:Infinity":0,"s:22:34:22:Infinity":1,"s:23:67:23:Infinity":2,"s:24:30:24:Infinity":3,"s:25:33:25:Infinity":4,"f:27:2:27:16":0,"s:28:4:28:Infinity":5,"f:31:10:31:26":1,"b:32:4:34:Infinity:undefined:undefined:undefined:undefined":1,"s:32:4:34:Infinity":6,"s:33:6:33:Infinity":7,"s:36:4:42:Infinity":8,"s:44:4:44:Infinity":9,"f:47:10:47:38":2,"b:48:4:48:Infinity:undefined:undefined:undefined:undefined":2,"s:48:4:48:Infinity":10,"s:48:22:48:Infinity":11,"s:50:4:54:Infinity":12,"f:50:30:50:36":3,"s:51:6:51:Infinity":13,"s:52:6:52:Infinity":14,"s:53:6:53:Infinity":15,"s:56:4:59:Infinity":16,"f:56:33:56:34":4,"s:57:6:57:Infinity":17,"s:58:6:58:Infinity":18,"s:61:4:65:Infinity":19,"f:61:36:61:37":5,"s:62:6:62:Infinity":20,"s:63:6:63:Infinity":21,"s:64:6:64:Infinity":22,"s:68:4:70:Infinity":23,"f:68:32:68:33":6,"s:69:6:69:Infinity":24,"s:72:4:75:Infinity":25,"f:72:36:72:37":7,"s:73:6:73:Infinity":26,"s:74:6:74:Infinity":27,"s:77:4:80:Infinity":28,"f:77:36:77:37":8,"s:78:6:78:Infinity":29,"s:79:6:79:Infinity":30,"s:82:4:85:Infinity":31,"f:82:28:82:29":9,"s:83:6:83:Infinity":32,"s:84:6:84:Infinity":33,"s:88:4:90:Infinity":34,"f:88:42:88:43":10,"s:89:6:89:Infinity":35,"s:92:4:94:Infinity":36,"f:92:44:92:45":11,"s:93:6:93:Infinity":37,"s:96:4:98:Infinity":38,"f:96:44:96:45":12,"s:97:6:97:Infinity":39,"s:100:4:102:Infinity":40,"f:100:48:100:49":13,"s:101:6:101:Infinity":41,"s:105:4:107:Infinity":42,"f:105:36:105:37":14,"s:106:6:106:Infinity":43,"s:109:4:111:Infinity":44,"f:109:35:109:36":15,"s:110:6:110:Infinity":45,"s:113:4:115:Infinity":46,"f:113:36:113:37":16,"s:114:6:114:Infinity":47,"s:117:4:119:Infinity":48,"f:117:38:117:39":17,"s:118:6:118:Infinity":49,"s:121:4:123:Infinity":50,"f:121:38:121:39":18,"s:122:6:122:Infinity":51,"s:126:4:128:Infinity":52,"f:126:34:126:35":19,"s:127:6:127:Infinity":53,"s:130:4:132:Infinity":54,"f:130:32:130:33":20,"s:131:6:131:Infinity":55,"s:134:4:136:Infinity":56,"f:134:34:134:35":21,"s:135:6:135:Infinity":57,"s:139:4:141:Infinity":58,"f:139:46:139:47":22,"s:140:6:140:Infinity":59,"s:143:4:145:Infinity":60,"f:143:48:143:49":23,"s:144:6:144:Infinity":61,"s:148:4:150:Infinity":62,"f:148:44:148:45":24,"s:149:6:149:Infinity":63,"s:152:4:154:Infinity":64,"f:152:44:152:45":25,"s:153:6:153:Infinity":65,"s:156:4:158:Infinity":66,"f:156:44:156:45":26,"s:157:6:157:Infinity":67,"f:161:2:161:15":27,"b:162:4:162:Infinity:undefined:undefined:undefined:undefined":3,"s:162:4:162:Infinity":68,"s:162:22:162:Infinity":69,"s:163:4:163:Infinity":70,"f:166:2:166:13":28,"b:167:4:167:Infinity:undefined:undefined:undefined:undefined":4,"s:167:4:167:Infinity":71,"s:167:22:167:Infinity":72,"s:168:4:168:Infinity":73,"f:171:2:171:14":29,"b:172:4:172:Infinity:undefined:undefined:undefined:undefined":5,"s:172:4:172:Infinity":74,"s:172:22:172:Infinity":75,"s:173:4:173:Infinity":76,"f:176:2:176:13":30,"b:177:4:177:Infinity:undefined:undefined:undefined:undefined":6,"s:177:4:177:Infinity":77,"s:177:22:177:Infinity":78,"s:178:4:178:Infinity":79,"f:181:2:181:14":31,"b:182:4:182:Infinity:undefined:undefined:undefined:undefined":7,"s:182:4:182:Infinity":80,"s:182:22:182:Infinity":81,"s:183:4:183:Infinity":82,"f:186:2:186:15":32,"b:187:4:187:Infinity:undefined:undefined:undefined:undefined":8,"s:187:4:187:Infinity":83,"s:187:22:187:Infinity":84,"s:188:4:188:Infinity":85,"f:191:2:191:14":33,"b:192:4:194:Infinity:undefined:undefined:undefined:undefined":9,"s:192:4:194:Infinity":86,"s:193:6:193:Infinity":87,"s:196:4:196:Infinity":88,"s:199:4:199:Infinity":89,"f:199:11:199:17":34,"s:199:17:199:Infinity":90,"f:202:2:202:15":35,"s:203:21:203:Infinity":91,"b:204:4:206:Infinity:undefined:undefined:undefined:undefined":10,"s:204:4:206:Infinity":92,"s:205:6:205:Infinity":93,"f:209:10:209:24":36,"s:210:21:210:Infinity":94,"b:211:4:213:Infinity:undefined:undefined:undefined:undefined":11,"s:211:4:213:Infinity":95,"s:212:6:212:Infinity":96,"f:212:23:212:24":37,"s:212:36:212:49":97,"f:216:2:216:24":38,"b:217:4:219:Infinity:undefined:undefined:undefined:undefined":12,"s:217:4:219:Infinity":98,"s:218:6:218:Infinity":99,"s:220:4:220:Infinity":100,"f:223:2:223:21":39,"s:224:4:224:Infinity":101,"f:227:2:227:25":40,"s:228:4:228:Infinity":102,"b:228:11:228:37:228:37:228:Infinity":13,"f:231:2:231:29":41,"s:232:4:232:Infinity":103,"s:237:32:237:Infinity":104}}}
}
